[2022-09-08 13:01:48] local.ERROR: Invalid route action: [HomeWebController]. {"exception":"[object] (UnexpectedValueException(code: 0): Invalid route action: [HomeWebController]. at /Users/nikitachaykin/Documents/Php/ebanyu_v_rot/vendor/laravel/framework/src/Illuminate/Routing/RouteAction.php:92)
[stacktrace]
#0 /Users/nikitachaykin/Documents/Php/ebanyu_v_rot/vendor/laravel/framework/src/Illuminate/Routing/RouteAction.php(47): Illuminate\\Routing\\RouteAction::makeInvokable('HomeWebControll...')
#1 /Users/nikitachaykin/Documents/Php/ebanyu_v_rot/vendor/laravel/framework/src/Illuminate/Routing/Route.php(190): Illuminate\\Routing\\RouteAction::parse('/', Array)
#2 /Users/nikitachaykin/Documents/Php/ebanyu_v_rot/vendor/laravel/framework/src/Illuminate/Routing/Route.php(171): Illuminate\\Routing\\Route->parseAction(Array)
#3 /Users/nikitachaykin/Documents/Php/ebanyu_v_rot/vendor/laravel/framework/src/Illuminate/Routing/Router.php(588): Illuminate\\Routing\\Route->__construct(Array, '/', Array)
#4 /Users/nikitachaykin/Documents/Php/ebanyu_v_rot/vendor/laravel/framework/src/Illuminate/Routing/Router.php(481): Illuminate\\Routing\\Router->newRoute(Array, '/', Array)
#5 /Users/nikitachaykin/Documents/Php/ebanyu_v_rot/vendor/laravel/framework/src/Illuminate/Routing/Router.php(460): Illuminate\\Routing\\Router->createRoute(Array, '/', Array)
#6 /Users/nikitachaykin/Documents/Php/ebanyu_v_rot/vendor/laravel/framework/src/Illuminate/Routing/Router.php(150): Illuminate\\Routing\\Router->addRoute(Array, '/', 'HomeWebControll...')
#7 /Users/nikitachaykin/Documents/Php/ebanyu_v_rot/vendor/laravel/framework/src/Illuminate/Support/Facades/Facade.php(338): Illuminate\\Routing\\Router->get('/', 'HomeWebControll...', 'index')
#8 /Users/nikitachaykin/Documents/Php/ebanyu_v_rot/routes/web.php(17): Illuminate\\Support\\Facades\\Facade::__callStatic('get', Array)
#9 /Users/nikitachaykin/Documents/Php/ebanyu_v_rot/vendor/laravel/framework/src/Illuminate/Routing/RouteFileRegistrar.php(35): require('/Users/nikitach...')
#10 /Users/nikitachaykin/Documents/Php/ebanyu_v_rot/vendor/laravel/framework/src/Illuminate/Routing/Router.php(430): Illuminate\\Routing\\RouteFileRegistrar->register('/Users/nikitach...')
#11 /Users/nikitachaykin/Documents/Php/ebanyu_v_rot/vendor/laravel/framework/src/Illuminate/Routing/Router.php(386): Illuminate\\Routing\\Router->loadRoutes('/Users/nikitach...')
#12 /Users/nikitachaykin/Documents/Php/ebanyu_v_rot/vendor/laravel/framework/src/Illuminate/Routing/RouteRegistrar.php(165): Illuminate\\Routing\\Router->group(Array, '/Users/nikitach...')
#13 /Users/nikitachaykin/Documents/Php/ebanyu_v_rot/app/Providers/RouteServiceProvider.php(37): Illuminate\\Routing\\RouteRegistrar->group('/Users/nikitach...')
#14 /Users/nikitachaykin/Documents/Php/ebanyu_v_rot/vendor/laravel/framework/src/Illuminate/Container/BoundMethod.php(36): App\\Providers\\RouteServiceProvider->App\\Providers\\{closure}()
#15 /Users/nikitachaykin/Documents/Php/ebanyu_v_rot/vendor/laravel/framework/src/Illuminate/Container/Util.php(41): Illuminate\\Container\\BoundMethod::Illuminate\\Container\\{closure}()
#16 /Users/nikitachaykin/Documents/Php/ebanyu_v_rot/vendor/laravel/framework/src/Illuminate/Container/BoundMethod.php(81): Illuminate\\Container\\Util::unwrapIfClosure(Object(Closure))
#17 /Users/nikitachaykin/Documents/Php/ebanyu_v_rot/vendor/laravel/framework/src/Illuminate/Container/BoundMethod.php(37): Illuminate\\Container\\BoundMethod::callBoundMethod(Object(Illuminate\\Foundation\\Application), Object(Closure), Object(Closure))
#18 /Users/nikitachaykin/Documents/Php/ebanyu_v_rot/vendor/laravel/framework/src/Illuminate/Container/Container.php(651): Illuminate\\Container\\BoundMethod::call(Object(Illuminate\\Foundation\\Application), Object(Closure), Array, NULL)
#19 /Users/nikitachaykin/Documents/Php/ebanyu_v_rot/vendor/laravel/framework/src/Illuminate/Foundation/Support/Providers/RouteServiceProvider.php(120): Illuminate\\Container\\Container->call(Object(Closure))
#20 /Users/nikitachaykin/Documents/Php/ebanyu_v_rot/vendor/laravel/framework/src/Illuminate/Foundation/Support/Providers/RouteServiceProvider.php(45): Illuminate\\Foundation\\Support\\Providers\\RouteServiceProvider->loadRoutes()
#21 /Users/nikitachaykin/Documents/Php/ebanyu_v_rot/vendor/laravel/framework/src/Illuminate/Container/BoundMethod.php(36): Illuminate\\Foundation\\Support\\Providers\\RouteServiceProvider->Illuminate\\Foundation\\Support\\Providers\\{closure}()
#22 /Users/nikitachaykin/Documents/Php/ebanyu_v_rot/vendor/laravel/framework/src/Illuminate/Container/Util.php(41): Illuminate\\Container\\BoundMethod::Illuminate\\Container\\{closure}()
#23 /Users/nikitachaykin/Documents/Php/ebanyu_v_rot/vendor/laravel/framework/src/Illuminate/Container/BoundMethod.php(81): Illuminate\\Container\\Util::unwrapIfClosure(Object(Closure))
#24 /Users/nikitachaykin/Documents/Php/ebanyu_v_rot/vendor/laravel/framework/src/Illuminate/Container/BoundMethod.php(37): Illuminate\\Container\\BoundMethod::callBoundMethod(Object(Illuminate\\Foundation\\Application), Object(Closure), Object(Closure))
#25 /Users/nikitachaykin/Documents/Php/ebanyu_v_rot/vendor/laravel/framework/src/Illuminate/Container/Container.php(651): Illuminate\\Container\\BoundMethod::call(Object(Illuminate\\Foundation\\Application), Object(Closure), Array, NULL)
#26 /Users/nikitachaykin/Documents/Php/ebanyu_v_rot/vendor/laravel/framework/src/Illuminate/Support/ServiceProvider.php(119): Illuminate\\Container\\Container->call(Object(Closure))
#27 /Users/nikitachaykin/Documents/Php/ebanyu_v_rot/vendor/laravel/framework/src/Illuminate/Foundation/Application.php(936): Illuminate\\Support\\ServiceProvider->callBootedCallbacks()
#28 /Users/nikitachaykin/Documents/Php/ebanyu_v_rot/vendor/laravel/framework/src/Illuminate/Foundation/Application.php(914): Illuminate\\Foundation\\Application->bootProvider(Object(App\\Providers\\RouteServiceProvider))
#29 [internal function]: Illuminate\\Foundation\\Application->Illuminate\\Foundation\\{closure}(Object(App\\Providers\\RouteServiceProvider), 23)
#30 /Users/nikitachaykin/Documents/Php/ebanyu_v_rot/vendor/laravel/framework/src/Illuminate/Foundation/Application.php(915): array_walk(Array, Object(Closure))
#31 /Users/nikitachaykin/Documents/Php/ebanyu_v_rot/vendor/laravel/framework/src/Illuminate/Foundation/Bootstrap/BootProviders.php(17): Illuminate\\Foundation\\Application->boot()
#32 /Users/nikitachaykin/Documents/Php/ebanyu_v_rot/vendor/laravel/framework/src/Illuminate/Foundation/Application.php(242): Illuminate\\Foundation\\Bootstrap\\BootProviders->bootstrap(Object(Illuminate\\Foundation\\Application))
#33 /Users/nikitachaykin/Documents/Php/ebanyu_v_rot/vendor/laravel/framework/src/Illuminate/Foundation/Http/Kernel.php(153): Illuminate\\Foundation\\Application->bootstrapWith(Array)
#34 /Users/nikitachaykin/Documents/Php/ebanyu_v_rot/vendor/laravel/framework/src/Illuminate/Foundation/Http/Kernel.php(137): Illuminate\\Foundation\\Http\\Kernel->bootstrap()
#35 /Users/nikitachaykin/Documents/Php/ebanyu_v_rot/vendor/laravel/framework/src/Illuminate/Foundation/Http/Kernel.php(111): Illuminate\\Foundation\\Http\\Kernel->sendRequestThroughRouter(Object(Illuminate\\Http\\Request))
#36 /Users/nikitachaykin/Documents/Php/ebanyu_v_rot/public/index.php(52): Illuminate\\Foundation\\Http\\Kernel->handle(Object(Illuminate\\Http\\Request))
#37 /Users/nikitachaykin/Documents/Php/ebanyu_v_rot/vendor/laravel/framework/src/Illuminate/Foundation/resources/server.php(16): require_once('/Users/nikitach...')
#38 {main}
"} 
[2022-09-08 13:02:16] local.ERROR: Invalid route action: [HomeWebController]. {"exception":"[object] (UnexpectedValueException(code: 0): Invalid route action: [HomeWebController]. at /Users/nikitachaykin/Documents/Php/ebanyu_v_rot/vendor/laravel/framework/src/Illuminate/Routing/RouteAction.php:92)
[stacktrace]
#0 /Users/nikitachaykin/Documents/Php/ebanyu_v_rot/vendor/laravel/framework/src/Illuminate/Routing/RouteAction.php(47): Illuminate\\Routing\\RouteAction::makeInvokable('HomeWebControll...')
#1 /Users/nikitachaykin/Documents/Php/ebanyu_v_rot/vendor/laravel/framework/src/Illuminate/Routing/Route.php(190): Illuminate\\Routing\\RouteAction::parse('/', Array)
#2 /Users/nikitachaykin/Documents/Php/ebanyu_v_rot/vendor/laravel/framework/src/Illuminate/Routing/Route.php(171): Illuminate\\Routing\\Route->parseAction(Array)
#3 /Users/nikitachaykin/Documents/Php/ebanyu_v_rot/vendor/laravel/framework/src/Illuminate/Routing/Router.php(588): Illuminate\\Routing\\Route->__construct(Array, '/', Array)
#4 /Users/nikitachaykin/Documents/Php/ebanyu_v_rot/vendor/laravel/framework/src/Illuminate/Routing/Router.php(481): Illuminate\\Routing\\Router->newRoute(Array, '/', Array)
#5 /Users/nikitachaykin/Documents/Php/ebanyu_v_rot/vendor/laravel/framework/src/Illuminate/Routing/Router.php(460): Illuminate\\Routing\\Router->createRoute(Array, '/', Array)
#6 /Users/nikitachaykin/Documents/Php/ebanyu_v_rot/vendor/laravel/framework/src/Illuminate/Routing/Router.php(150): Illuminate\\Routing\\Router->addRoute(Array, '/', 'HomeWebControll...')
#7 /Users/nikitachaykin/Documents/Php/ebanyu_v_rot/vendor/laravel/framework/src/Illuminate/Support/Facades/Facade.php(338): Illuminate\\Routing\\Router->get('/', 'HomeWebControll...', 'index')
#8 /Users/nikitachaykin/Documents/Php/ebanyu_v_rot/routes/web.php(17): Illuminate\\Support\\Facades\\Facade::__callStatic('get', Array)
#9 /Users/nikitachaykin/Documents/Php/ebanyu_v_rot/vendor/laravel/framework/src/Illuminate/Routing/RouteFileRegistrar.php(35): require('/Users/nikitach...')
#10 /Users/nikitachaykin/Documents/Php/ebanyu_v_rot/vendor/laravel/framework/src/Illuminate/Routing/Router.php(430): Illuminate\\Routing\\RouteFileRegistrar->register('/Users/nikitach...')
#11 /Users/nikitachaykin/Documents/Php/ebanyu_v_rot/vendor/laravel/framework/src/Illuminate/Routing/Router.php(386): Illuminate\\Routing\\Router->loadRoutes('/Users/nikitach...')
#12 /Users/nikitachaykin/Documents/Php/ebanyu_v_rot/vendor/laravel/framework/src/Illuminate/Routing/RouteRegistrar.php(165): Illuminate\\Routing\\Router->group(Array, '/Users/nikitach...')
#13 /Users/nikitachaykin/Documents/Php/ebanyu_v_rot/app/Providers/RouteServiceProvider.php(37): Illuminate\\Routing\\RouteRegistrar->group('/Users/nikitach...')
#14 /Users/nikitachaykin/Documents/Php/ebanyu_v_rot/vendor/laravel/framework/src/Illuminate/Container/BoundMethod.php(36): App\\Providers\\RouteServiceProvider->App\\Providers\\{closure}()
#15 /Users/nikitachaykin/Documents/Php/ebanyu_v_rot/vendor/laravel/framework/src/Illuminate/Container/Util.php(41): Illuminate\\Container\\BoundMethod::Illuminate\\Container\\{closure}()
#16 /Users/nikitachaykin/Documents/Php/ebanyu_v_rot/vendor/laravel/framework/src/Illuminate/Container/BoundMethod.php(81): Illuminate\\Container\\Util::unwrapIfClosure(Object(Closure))
#17 /Users/nikitachaykin/Documents/Php/ebanyu_v_rot/vendor/laravel/framework/src/Illuminate/Container/BoundMethod.php(37): Illuminate\\Container\\BoundMethod::callBoundMethod(Object(Illuminate\\Foundation\\Application), Object(Closure), Object(Closure))
#18 /Users/nikitachaykin/Documents/Php/ebanyu_v_rot/vendor/laravel/framework/src/Illuminate/Container/Container.php(651): Illuminate\\Container\\BoundMethod::call(Object(Illuminate\\Foundation\\Application), Object(Closure), Array, NULL)
#19 /Users/nikitachaykin/Documents/Php/ebanyu_v_rot/vendor/laravel/framework/src/Illuminate/Foundation/Support/Providers/RouteServiceProvider.php(120): Illuminate\\Container\\Container->call(Object(Closure))
#20 /Users/nikitachaykin/Documents/Php/ebanyu_v_rot/vendor/laravel/framework/src/Illuminate/Foundation/Support/Providers/RouteServiceProvider.php(45): Illuminate\\Foundation\\Support\\Providers\\RouteServiceProvider->loadRoutes()
#21 /Users/nikitachaykin/Documents/Php/ebanyu_v_rot/vendor/laravel/framework/src/Illuminate/Container/BoundMethod.php(36): Illuminate\\Foundation\\Support\\Providers\\RouteServiceProvider->Illuminate\\Foundation\\Support\\Providers\\{closure}()
#22 /Users/nikitachaykin/Documents/Php/ebanyu_v_rot/vendor/laravel/framework/src/Illuminate/Container/Util.php(41): Illuminate\\Container\\BoundMethod::Illuminate\\Container\\{closure}()
#23 /Users/nikitachaykin/Documents/Php/ebanyu_v_rot/vendor/laravel/framework/src/Illuminate/Container/BoundMethod.php(81): Illuminate\\Container\\Util::unwrapIfClosure(Object(Closure))
#24 /Users/nikitachaykin/Documents/Php/ebanyu_v_rot/vendor/laravel/framework/src/Illuminate/Container/BoundMethod.php(37): Illuminate\\Container\\BoundMethod::callBoundMethod(Object(Illuminate\\Foundation\\Application), Object(Closure), Object(Closure))
#25 /Users/nikitachaykin/Documents/Php/ebanyu_v_rot/vendor/laravel/framework/src/Illuminate/Container/Container.php(651): Illuminate\\Container\\BoundMethod::call(Object(Illuminate\\Foundation\\Application), Object(Closure), Array, NULL)
#26 /Users/nikitachaykin/Documents/Php/ebanyu_v_rot/vendor/laravel/framework/src/Illuminate/Support/ServiceProvider.php(119): Illuminate\\Container\\Container->call(Object(Closure))
#27 /Users/nikitachaykin/Documents/Php/ebanyu_v_rot/vendor/laravel/framework/src/Illuminate/Foundation/Application.php(936): Illuminate\\Support\\ServiceProvider->callBootedCallbacks()
#28 /Users/nikitachaykin/Documents/Php/ebanyu_v_rot/vendor/laravel/framework/src/Illuminate/Foundation/Application.php(914): Illuminate\\Foundation\\Application->bootProvider(Object(App\\Providers\\RouteServiceProvider))
#29 [internal function]: Illuminate\\Foundation\\Application->Illuminate\\Foundation\\{closure}(Object(App\\Providers\\RouteServiceProvider), 23)
#30 /Users/nikitachaykin/Documents/Php/ebanyu_v_rot/vendor/laravel/framework/src/Illuminate/Foundation/Application.php(915): array_walk(Array, Object(Closure))
#31 /Users/nikitachaykin/Documents/Php/ebanyu_v_rot/vendor/laravel/framework/src/Illuminate/Foundation/Bootstrap/BootProviders.php(17): Illuminate\\Foundation\\Application->boot()
#32 /Users/nikitachaykin/Documents/Php/ebanyu_v_rot/vendor/laravel/framework/src/Illuminate/Foundation/Application.php(242): Illuminate\\Foundation\\Bootstrap\\BootProviders->bootstrap(Object(Illuminate\\Foundation\\Application))
#33 /Users/nikitachaykin/Documents/Php/ebanyu_v_rot/vendor/laravel/framework/src/Illuminate/Foundation/Http/Kernel.php(153): Illuminate\\Foundation\\Application->bootstrapWith(Array)
#34 /Users/nikitachaykin/Documents/Php/ebanyu_v_rot/vendor/laravel/framework/src/Illuminate/Foundation/Http/Kernel.php(137): Illuminate\\Foundation\\Http\\Kernel->bootstrap()
#35 /Users/nikitachaykin/Documents/Php/ebanyu_v_rot/vendor/laravel/framework/src/Illuminate/Foundation/Http/Kernel.php(111): Illuminate\\Foundation\\Http\\Kernel->sendRequestThroughRouter(Object(Illuminate\\Http\\Request))
#36 /Users/nikitachaykin/Documents/Php/ebanyu_v_rot/public/index.php(52): Illuminate\\Foundation\\Http\\Kernel->handle(Object(Illuminate\\Http\\Request))
#37 /Users/nikitachaykin/Documents/Php/ebanyu_v_rot/vendor/laravel/framework/src/Illuminate/Foundation/resources/server.php(16): require_once('/Users/nikitach...')
#38 {main}
"} 
[2022-09-08 13:02:39] local.ERROR: Invalid route action: [App\Http\Controllers\HomeWeb]. {"exception":"[object] (UnexpectedValueException(code: 0): Invalid route action: [App\\Http\\Controllers\\HomeWeb]. at /Users/nikitachaykin/Documents/Php/ebanyu_v_rot/vendor/laravel/framework/src/Illuminate/Routing/RouteAction.php:92)
[stacktrace]
#0 /Users/nikitachaykin/Documents/Php/ebanyu_v_rot/vendor/laravel/framework/src/Illuminate/Routing/RouteAction.php(47): Illuminate\\Routing\\RouteAction::makeInvokable('App\\\\Http\\\\Contro...')
#1 /Users/nikitachaykin/Documents/Php/ebanyu_v_rot/vendor/laravel/framework/src/Illuminate/Routing/Route.php(190): Illuminate\\Routing\\RouteAction::parse('/', Array)
#2 /Users/nikitachaykin/Documents/Php/ebanyu_v_rot/vendor/laravel/framework/src/Illuminate/Routing/Route.php(171): Illuminate\\Routing\\Route->parseAction(Array)
#3 /Users/nikitachaykin/Documents/Php/ebanyu_v_rot/vendor/laravel/framework/src/Illuminate/Routing/Router.php(588): Illuminate\\Routing\\Route->__construct(Array, '/', Array)
#4 /Users/nikitachaykin/Documents/Php/ebanyu_v_rot/vendor/laravel/framework/src/Illuminate/Routing/Router.php(481): Illuminate\\Routing\\Router->newRoute(Array, '/', Array)
#5 /Users/nikitachaykin/Documents/Php/ebanyu_v_rot/vendor/laravel/framework/src/Illuminate/Routing/Router.php(460): Illuminate\\Routing\\Router->createRoute(Array, '/', Array)
#6 /Users/nikitachaykin/Documents/Php/ebanyu_v_rot/vendor/laravel/framework/src/Illuminate/Routing/Router.php(150): Illuminate\\Routing\\Router->addRoute(Array, '/', 'App\\\\Http\\\\Contro...')
#7 /Users/nikitachaykin/Documents/Php/ebanyu_v_rot/vendor/laravel/framework/src/Illuminate/Support/Facades/Facade.php(338): Illuminate\\Routing\\Router->get('/', 'App\\\\Http\\\\Contro...', 'index')
#8 /Users/nikitachaykin/Documents/Php/ebanyu_v_rot/routes/web.php(17): Illuminate\\Support\\Facades\\Facade::__callStatic('get', Array)
#9 /Users/nikitachaykin/Documents/Php/ebanyu_v_rot/vendor/laravel/framework/src/Illuminate/Routing/RouteFileRegistrar.php(35): require('/Users/nikitach...')
#10 /Users/nikitachaykin/Documents/Php/ebanyu_v_rot/vendor/laravel/framework/src/Illuminate/Routing/Router.php(430): Illuminate\\Routing\\RouteFileRegistrar->register('/Users/nikitach...')
#11 /Users/nikitachaykin/Documents/Php/ebanyu_v_rot/vendor/laravel/framework/src/Illuminate/Routing/Router.php(386): Illuminate\\Routing\\Router->loadRoutes('/Users/nikitach...')
#12 /Users/nikitachaykin/Documents/Php/ebanyu_v_rot/vendor/laravel/framework/src/Illuminate/Routing/RouteRegistrar.php(165): Illuminate\\Routing\\Router->group(Array, '/Users/nikitach...')
#13 /Users/nikitachaykin/Documents/Php/ebanyu_v_rot/app/Providers/RouteServiceProvider.php(37): Illuminate\\Routing\\RouteRegistrar->group('/Users/nikitach...')
#14 /Users/nikitachaykin/Documents/Php/ebanyu_v_rot/vendor/laravel/framework/src/Illuminate/Container/BoundMethod.php(36): App\\Providers\\RouteServiceProvider->App\\Providers\\{closure}()
#15 /Users/nikitachaykin/Documents/Php/ebanyu_v_rot/vendor/laravel/framework/src/Illuminate/Container/Util.php(41): Illuminate\\Container\\BoundMethod::Illuminate\\Container\\{closure}()
#16 /Users/nikitachaykin/Documents/Php/ebanyu_v_rot/vendor/laravel/framework/src/Illuminate/Container/BoundMethod.php(81): Illuminate\\Container\\Util::unwrapIfClosure(Object(Closure))
#17 /Users/nikitachaykin/Documents/Php/ebanyu_v_rot/vendor/laravel/framework/src/Illuminate/Container/BoundMethod.php(37): Illuminate\\Container\\BoundMethod::callBoundMethod(Object(Illuminate\\Foundation\\Application), Object(Closure), Object(Closure))
#18 /Users/nikitachaykin/Documents/Php/ebanyu_v_rot/vendor/laravel/framework/src/Illuminate/Container/Container.php(651): Illuminate\\Container\\BoundMethod::call(Object(Illuminate\\Foundation\\Application), Object(Closure), Array, NULL)
#19 /Users/nikitachaykin/Documents/Php/ebanyu_v_rot/vendor/laravel/framework/src/Illuminate/Foundation/Support/Providers/RouteServiceProvider.php(120): Illuminate\\Container\\Container->call(Object(Closure))
#20 /Users/nikitachaykin/Documents/Php/ebanyu_v_rot/vendor/laravel/framework/src/Illuminate/Foundation/Support/Providers/RouteServiceProvider.php(45): Illuminate\\Foundation\\Support\\Providers\\RouteServiceProvider->loadRoutes()
#21 /Users/nikitachaykin/Documents/Php/ebanyu_v_rot/vendor/laravel/framework/src/Illuminate/Container/BoundMethod.php(36): Illuminate\\Foundation\\Support\\Providers\\RouteServiceProvider->Illuminate\\Foundation\\Support\\Providers\\{closure}()
#22 /Users/nikitachaykin/Documents/Php/ebanyu_v_rot/vendor/laravel/framework/src/Illuminate/Container/Util.php(41): Illuminate\\Container\\BoundMethod::Illuminate\\Container\\{closure}()
#23 /Users/nikitachaykin/Documents/Php/ebanyu_v_rot/vendor/laravel/framework/src/Illuminate/Container/BoundMethod.php(81): Illuminate\\Container\\Util::unwrapIfClosure(Object(Closure))
#24 /Users/nikitachaykin/Documents/Php/ebanyu_v_rot/vendor/laravel/framework/src/Illuminate/Container/BoundMethod.php(37): Illuminate\\Container\\BoundMethod::callBoundMethod(Object(Illuminate\\Foundation\\Application), Object(Closure), Object(Closure))
#25 /Users/nikitachaykin/Documents/Php/ebanyu_v_rot/vendor/laravel/framework/src/Illuminate/Container/Container.php(651): Illuminate\\Container\\BoundMethod::call(Object(Illuminate\\Foundation\\Application), Object(Closure), Array, NULL)
#26 /Users/nikitachaykin/Documents/Php/ebanyu_v_rot/vendor/laravel/framework/src/Illuminate/Support/ServiceProvider.php(119): Illuminate\\Container\\Container->call(Object(Closure))
#27 /Users/nikitachaykin/Documents/Php/ebanyu_v_rot/vendor/laravel/framework/src/Illuminate/Foundation/Application.php(936): Illuminate\\Support\\ServiceProvider->callBootedCallbacks()
#28 /Users/nikitachaykin/Documents/Php/ebanyu_v_rot/vendor/laravel/framework/src/Illuminate/Foundation/Application.php(914): Illuminate\\Foundation\\Application->bootProvider(Object(App\\Providers\\RouteServiceProvider))
#29 [internal function]: Illuminate\\Foundation\\Application->Illuminate\\Foundation\\{closure}(Object(App\\Providers\\RouteServiceProvider), 23)
#30 /Users/nikitachaykin/Documents/Php/ebanyu_v_rot/vendor/laravel/framework/src/Illuminate/Foundation/Application.php(915): array_walk(Array, Object(Closure))
#31 /Users/nikitachaykin/Documents/Php/ebanyu_v_rot/vendor/laravel/framework/src/Illuminate/Foundation/Bootstrap/BootProviders.php(17): Illuminate\\Foundation\\Application->boot()
#32 /Users/nikitachaykin/Documents/Php/ebanyu_v_rot/vendor/laravel/framework/src/Illuminate/Foundation/Application.php(242): Illuminate\\Foundation\\Bootstrap\\BootProviders->bootstrap(Object(Illuminate\\Foundation\\Application))
#33 /Users/nikitachaykin/Documents/Php/ebanyu_v_rot/vendor/laravel/framework/src/Illuminate/Foundation/Http/Kernel.php(153): Illuminate\\Foundation\\Application->bootstrapWith(Array)
#34 /Users/nikitachaykin/Documents/Php/ebanyu_v_rot/vendor/laravel/framework/src/Illuminate/Foundation/Http/Kernel.php(137): Illuminate\\Foundation\\Http\\Kernel->bootstrap()
#35 /Users/nikitachaykin/Documents/Php/ebanyu_v_rot/vendor/laravel/framework/src/Illuminate/Foundation/Http/Kernel.php(111): Illuminate\\Foundation\\Http\\Kernel->sendRequestThroughRouter(Object(Illuminate\\Http\\Request))
#36 /Users/nikitachaykin/Documents/Php/ebanyu_v_rot/public/index.php(52): Illuminate\\Foundation\\Http\\Kernel->handle(Object(Illuminate\\Http\\Request))
#37 /Users/nikitachaykin/Documents/Php/ebanyu_v_rot/vendor/laravel/framework/src/Illuminate/Foundation/resources/server.php(16): require_once('/Users/nikitach...')
#38 {main}
"} 
[2022-09-09 09:13:53] local.ERROR: SQLSTATE[08006] [7] connection to server at "127.0.0.1", port 5432 failed: FATAL:  password authentication failed for user "postgres" (SQL: create table "migrations" ("id" serial primary key not null, "migration" varchar(255) not null, "batch" integer not null)) {"exception":"[object] (Illuminate\\Database\\QueryException(code: 7): SQLSTATE[08006] [7] connection to server at \"127.0.0.1\", port 5432 failed: FATAL:  password authentication failed for user \"postgres\" (SQL: create table \"migrations\" (\"id\" serial primary key not null, \"migration\" varchar(255) not null, \"batch\" integer not null)) at /Users/nikitachaykin/Documents/Php/ebanyu_v_rot/vendor/laravel/framework/src/Illuminate/Database/Connection.php:759)
[stacktrace]
#0 /Users/nikitachaykin/Documents/Php/ebanyu_v_rot/vendor/laravel/framework/src/Illuminate/Database/Connection.php(719): Illuminate\\Database\\Connection->runQueryCallback('create table \"m...', Array, Object(Closure))
#1 /Users/nikitachaykin/Documents/Php/ebanyu_v_rot/vendor/laravel/framework/src/Illuminate/Database/Connection.php(545): Illuminate\\Database\\Connection->run('create table \"m...', Array, Object(Closure))
#2 /Users/nikitachaykin/Documents/Php/ebanyu_v_rot/vendor/laravel/framework/src/Illuminate/Database/Schema/Blueprint.php(109): Illuminate\\Database\\Connection->statement('create table \"m...')
#3 /Users/nikitachaykin/Documents/Php/ebanyu_v_rot/vendor/laravel/framework/src/Illuminate/Database/Schema/Builder.php(394): Illuminate\\Database\\Schema\\Blueprint->build(Object(Illuminate\\Database\\PostgresConnection), Object(Illuminate\\Database\\Schema\\Grammars\\PostgresGrammar))
#4 /Users/nikitachaykin/Documents/Php/ebanyu_v_rot/vendor/laravel/framework/src/Illuminate/Database/Schema/Builder.php(257): Illuminate\\Database\\Schema\\Builder->build(Object(Illuminate\\Database\\Schema\\Blueprint))
#5 /Users/nikitachaykin/Documents/Php/ebanyu_v_rot/vendor/laravel/framework/src/Illuminate/Database/Migrations/DatabaseMigrationRepository.php(157): Illuminate\\Database\\Schema\\Builder->create('migrations', Object(Closure))
#6 /Users/nikitachaykin/Documents/Php/ebanyu_v_rot/vendor/laravel/framework/src/Illuminate/Database/Console/Migrations/InstallCommand.php(54): Illuminate\\Database\\Migrations\\DatabaseMigrationRepository->createRepository()
#7 /Users/nikitachaykin/Documents/Php/ebanyu_v_rot/vendor/laravel/framework/src/Illuminate/Container/BoundMethod.php(36): Illuminate\\Database\\Console\\Migrations\\InstallCommand->handle()
#8 /Users/nikitachaykin/Documents/Php/ebanyu_v_rot/vendor/laravel/framework/src/Illuminate/Container/Util.php(41): Illuminate\\Container\\BoundMethod::Illuminate\\Container\\{closure}()
#9 /Users/nikitachaykin/Documents/Php/ebanyu_v_rot/vendor/laravel/framework/src/Illuminate/Container/BoundMethod.php(93): Illuminate\\Container\\Util::unwrapIfClosure(Object(Closure))
#10 /Users/nikitachaykin/Documents/Php/ebanyu_v_rot/vendor/laravel/framework/src/Illuminate/Container/BoundMethod.php(37): Illuminate\\Container\\BoundMethod::callBoundMethod(Object(Illuminate\\Foundation\\Application), Array, Object(Closure))
#11 /Users/nikitachaykin/Documents/Php/ebanyu_v_rot/vendor/laravel/framework/src/Illuminate/Container/Container.php(651): Illuminate\\Container\\BoundMethod::call(Object(Illuminate\\Foundation\\Application), Array, Array, NULL)
#12 /Users/nikitachaykin/Documents/Php/ebanyu_v_rot/vendor/laravel/framework/src/Illuminate/Console/Command.php(144): Illuminate\\Container\\Container->call(Array)
#13 /Users/nikitachaykin/Documents/Php/ebanyu_v_rot/vendor/symfony/console/Command/Command.php(291): Illuminate\\Console\\Command->execute(Object(Symfony\\Component\\Console\\Input\\ArgvInput), Object(Illuminate\\Console\\OutputStyle))
#14 /Users/nikitachaykin/Documents/Php/ebanyu_v_rot/vendor/laravel/framework/src/Illuminate/Console/Command.php(126): Symfony\\Component\\Console\\Command\\Command->run(Object(Symfony\\Component\\Console\\Input\\ArgvInput), Object(Illuminate\\Console\\OutputStyle))
#15 /Users/nikitachaykin/Documents/Php/ebanyu_v_rot/vendor/symfony/console/Application.php(1002): Illuminate\\Console\\Command->run(Object(Symfony\\Component\\Console\\Input\\ArgvInput), Object(Symfony\\Component\\Console\\Output\\ConsoleOutput))
#16 /Users/nikitachaykin/Documents/Php/ebanyu_v_rot/vendor/symfony/console/Application.php(299): Symfony\\Component\\Console\\Application->doRunCommand(Object(Illuminate\\Database\\Console\\Migrations\\InstallCommand), Object(Symfony\\Component\\Console\\Input\\ArgvInput), Object(Symfony\\Component\\Console\\Output\\ConsoleOutput))
#17 /Users/nikitachaykin/Documents/Php/ebanyu_v_rot/vendor/symfony/console/Application.php(171): Symfony\\Component\\Console\\Application->doRun(Object(Symfony\\Component\\Console\\Input\\ArgvInput), Object(Symfony\\Component\\Console\\Output\\ConsoleOutput))
#18 /Users/nikitachaykin/Documents/Php/ebanyu_v_rot/vendor/laravel/framework/src/Illuminate/Console/Application.php(102): Symfony\\Component\\Console\\Application->run(Object(Symfony\\Component\\Console\\Input\\ArgvInput), Object(Symfony\\Component\\Console\\Output\\ConsoleOutput))
#19 /Users/nikitachaykin/Documents/Php/ebanyu_v_rot/vendor/laravel/framework/src/Illuminate/Foundation/Console/Kernel.php(129): Illuminate\\Console\\Application->run(Object(Symfony\\Component\\Console\\Input\\ArgvInput), Object(Symfony\\Component\\Console\\Output\\ConsoleOutput))
#20 /Users/nikitachaykin/Documents/Php/ebanyu_v_rot/artisan(37): Illuminate\\Foundation\\Console\\Kernel->handle(Object(Symfony\\Component\\Console\\Input\\ArgvInput), Object(Symfony\\Component\\Console\\Output\\ConsoleOutput))
#21 {main}

[previous exception] [object] (PDOException(code: 7): SQLSTATE[08006] [7] connection to server at \"127.0.0.1\", port 5432 failed: FATAL:  password authentication failed for user \"postgres\" at /Users/nikitachaykin/Documents/Php/ebanyu_v_rot/vendor/laravel/framework/src/Illuminate/Database/Connectors/Connector.php:70)
[stacktrace]
#0 /Users/nikitachaykin/Documents/Php/ebanyu_v_rot/vendor/laravel/framework/src/Illuminate/Database/Connectors/Connector.php(70): PDO->__construct('pgsql:host=127....', 'postgres', 'postgres', Array)
#1 /Users/nikitachaykin/Documents/Php/ebanyu_v_rot/vendor/laravel/framework/src/Illuminate/Database/Connectors/Connector.php(46): Illuminate\\Database\\Connectors\\Connector->createPdoConnection('pgsql:host=127....', 'postgres', 'postgres', Array)
#2 /Users/nikitachaykin/Documents/Php/ebanyu_v_rot/vendor/laravel/framework/src/Illuminate/Database/Connectors/PostgresConnector.php(36): Illuminate\\Database\\Connectors\\Connector->createConnection('pgsql:host=127....', Array, Array)
#3 /Users/nikitachaykin/Documents/Php/ebanyu_v_rot/vendor/laravel/framework/src/Illuminate/Database/Connectors/ConnectionFactory.php(184): Illuminate\\Database\\Connectors\\PostgresConnector->connect(Array)
#4 [internal function]: Illuminate\\Database\\Connectors\\ConnectionFactory->Illuminate\\Database\\Connectors\\{closure}()
#5 /Users/nikitachaykin/Documents/Php/ebanyu_v_rot/vendor/laravel/framework/src/Illuminate/Database/Connection.php(1168): call_user_func(Object(Closure))
#6 /Users/nikitachaykin/Documents/Php/ebanyu_v_rot/vendor/laravel/framework/src/Illuminate/Database/Connection.php(538): Illuminate\\Database\\Connection->getPdo()
#7 /Users/nikitachaykin/Documents/Php/ebanyu_v_rot/vendor/laravel/framework/src/Illuminate/Database/Connection.php(752): Illuminate\\Database\\Connection->Illuminate\\Database\\{closure}('create table \"m...', Array)
#8 /Users/nikitachaykin/Documents/Php/ebanyu_v_rot/vendor/laravel/framework/src/Illuminate/Database/Connection.php(719): Illuminate\\Database\\Connection->runQueryCallback('create table \"m...', Array, Object(Closure))
#9 /Users/nikitachaykin/Documents/Php/ebanyu_v_rot/vendor/laravel/framework/src/Illuminate/Database/Connection.php(545): Illuminate\\Database\\Connection->run('create table \"m...', Array, Object(Closure))
#10 /Users/nikitachaykin/Documents/Php/ebanyu_v_rot/vendor/laravel/framework/src/Illuminate/Database/Schema/Blueprint.php(109): Illuminate\\Database\\Connection->statement('create table \"m...')
#11 /Users/nikitachaykin/Documents/Php/ebanyu_v_rot/vendor/laravel/framework/src/Illuminate/Database/Schema/Builder.php(394): Illuminate\\Database\\Schema\\Blueprint->build(Object(Illuminate\\Database\\PostgresConnection), Object(Illuminate\\Database\\Schema\\Grammars\\PostgresGrammar))
#12 /Users/nikitachaykin/Documents/Php/ebanyu_v_rot/vendor/laravel/framework/src/Illuminate/Database/Schema/Builder.php(257): Illuminate\\Database\\Schema\\Builder->build(Object(Illuminate\\Database\\Schema\\Blueprint))
#13 /Users/nikitachaykin/Documents/Php/ebanyu_v_rot/vendor/laravel/framework/src/Illuminate/Database/Migrations/DatabaseMigrationRepository.php(157): Illuminate\\Database\\Schema\\Builder->create('migrations', Object(Closure))
#14 /Users/nikitachaykin/Documents/Php/ebanyu_v_rot/vendor/laravel/framework/src/Illuminate/Database/Console/Migrations/InstallCommand.php(54): Illuminate\\Database\\Migrations\\DatabaseMigrationRepository->createRepository()
#15 /Users/nikitachaykin/Documents/Php/ebanyu_v_rot/vendor/laravel/framework/src/Illuminate/Container/BoundMethod.php(36): Illuminate\\Database\\Console\\Migrations\\InstallCommand->handle()
#16 /Users/nikitachaykin/Documents/Php/ebanyu_v_rot/vendor/laravel/framework/src/Illuminate/Container/Util.php(41): Illuminate\\Container\\BoundMethod::Illuminate\\Container\\{closure}()
#17 /Users/nikitachaykin/Documents/Php/ebanyu_v_rot/vendor/laravel/framework/src/Illuminate/Container/BoundMethod.php(93): Illuminate\\Container\\Util::unwrapIfClosure(Object(Closure))
#18 /Users/nikitachaykin/Documents/Php/ebanyu_v_rot/vendor/laravel/framework/src/Illuminate/Container/BoundMethod.php(37): Illuminate\\Container\\BoundMethod::callBoundMethod(Object(Illuminate\\Foundation\\Application), Array, Object(Closure))
#19 /Users/nikitachaykin/Documents/Php/ebanyu_v_rot/vendor/laravel/framework/src/Illuminate/Container/Container.php(651): Illuminate\\Container\\BoundMethod::call(Object(Illuminate\\Foundation\\Application), Array, Array, NULL)
#20 /Users/nikitachaykin/Documents/Php/ebanyu_v_rot/vendor/laravel/framework/src/Illuminate/Console/Command.php(144): Illuminate\\Container\\Container->call(Array)
#21 /Users/nikitachaykin/Documents/Php/ebanyu_v_rot/vendor/symfony/console/Command/Command.php(291): Illuminate\\Console\\Command->execute(Object(Symfony\\Component\\Console\\Input\\ArgvInput), Object(Illuminate\\Console\\OutputStyle))
#22 /Users/nikitachaykin/Documents/Php/ebanyu_v_rot/vendor/laravel/framework/src/Illuminate/Console/Command.php(126): Symfony\\Component\\Console\\Command\\Command->run(Object(Symfony\\Component\\Console\\Input\\ArgvInput), Object(Illuminate\\Console\\OutputStyle))
#23 /Users/nikitachaykin/Documents/Php/ebanyu_v_rot/vendor/symfony/console/Application.php(1002): Illuminate\\Console\\Command->run(Object(Symfony\\Component\\Console\\Input\\ArgvInput), Object(Symfony\\Component\\Console\\Output\\ConsoleOutput))
#24 /Users/nikitachaykin/Documents/Php/ebanyu_v_rot/vendor/symfony/console/Application.php(299): Symfony\\Component\\Console\\Application->doRunCommand(Object(Illuminate\\Database\\Console\\Migrations\\InstallCommand), Object(Symfony\\Component\\Console\\Input\\ArgvInput), Object(Symfony\\Component\\Console\\Output\\ConsoleOutput))
#25 /Users/nikitachaykin/Documents/Php/ebanyu_v_rot/vendor/symfony/console/Application.php(171): Symfony\\Component\\Console\\Application->doRun(Object(Symfony\\Component\\Console\\Input\\ArgvInput), Object(Symfony\\Component\\Console\\Output\\ConsoleOutput))
#26 /Users/nikitachaykin/Documents/Php/ebanyu_v_rot/vendor/laravel/framework/src/Illuminate/Console/Application.php(102): Symfony\\Component\\Console\\Application->run(Object(Symfony\\Component\\Console\\Input\\ArgvInput), Object(Symfony\\Component\\Console\\Output\\ConsoleOutput))
#27 /Users/nikitachaykin/Documents/Php/ebanyu_v_rot/vendor/laravel/framework/src/Illuminate/Foundation/Console/Kernel.php(129): Illuminate\\Console\\Application->run(Object(Symfony\\Component\\Console\\Input\\ArgvInput), Object(Symfony\\Component\\Console\\Output\\ConsoleOutput))
#28 /Users/nikitachaykin/Documents/Php/ebanyu_v_rot/artisan(37): Illuminate\\Foundation\\Console\\Kernel->handle(Object(Symfony\\Component\\Console\\Input\\ArgvInput), Object(Symfony\\Component\\Console\\Output\\ConsoleOutput))
#29 {main}
"} 
[2022-09-09 09:30:29] local.ERROR: SQLSTATE[08006] [7] connection to server at "127.0.0.1", port 5432 failed: FATAL:  password authentication failed for user "postgres" (SQL: create table "migrations" ("id" serial primary key not null, "migration" varchar(255) not null, "batch" integer not null)) {"exception":"[object] (Illuminate\\Database\\QueryException(code: 7): SQLSTATE[08006] [7] connection to server at \"127.0.0.1\", port 5432 failed: FATAL:  password authentication failed for user \"postgres\" (SQL: create table \"migrations\" (\"id\" serial primary key not null, \"migration\" varchar(255) not null, \"batch\" integer not null)) at /Users/nikitachaykin/Documents/Php/ebanyu_v_rot/vendor/laravel/framework/src/Illuminate/Database/Connection.php:759)
[stacktrace]
#0 /Users/nikitachaykin/Documents/Php/ebanyu_v_rot/vendor/laravel/framework/src/Illuminate/Database/Connection.php(719): Illuminate\\Database\\Connection->runQueryCallback('create table \"m...', Array, Object(Closure))
#1 /Users/nikitachaykin/Documents/Php/ebanyu_v_rot/vendor/laravel/framework/src/Illuminate/Database/Connection.php(545): Illuminate\\Database\\Connection->run('create table \"m...', Array, Object(Closure))
#2 /Users/nikitachaykin/Documents/Php/ebanyu_v_rot/vendor/laravel/framework/src/Illuminate/Database/Schema/Blueprint.php(109): Illuminate\\Database\\Connection->statement('create table \"m...')
#3 /Users/nikitachaykin/Documents/Php/ebanyu_v_rot/vendor/laravel/framework/src/Illuminate/Database/Schema/Builder.php(394): Illuminate\\Database\\Schema\\Blueprint->build(Object(Illuminate\\Database\\PostgresConnection), Object(Illuminate\\Database\\Schema\\Grammars\\PostgresGrammar))
#4 /Users/nikitachaykin/Documents/Php/ebanyu_v_rot/vendor/laravel/framework/src/Illuminate/Database/Schema/Builder.php(257): Illuminate\\Database\\Schema\\Builder->build(Object(Illuminate\\Database\\Schema\\Blueprint))
#5 /Users/nikitachaykin/Documents/Php/ebanyu_v_rot/vendor/laravel/framework/src/Illuminate/Database/Migrations/DatabaseMigrationRepository.php(157): Illuminate\\Database\\Schema\\Builder->create('migrations', Object(Closure))
#6 /Users/nikitachaykin/Documents/Php/ebanyu_v_rot/vendor/laravel/framework/src/Illuminate/Database/Console/Migrations/InstallCommand.php(54): Illuminate\\Database\\Migrations\\DatabaseMigrationRepository->createRepository()
#7 /Users/nikitachaykin/Documents/Php/ebanyu_v_rot/vendor/laravel/framework/src/Illuminate/Container/BoundMethod.php(36): Illuminate\\Database\\Console\\Migrations\\InstallCommand->handle()
#8 /Users/nikitachaykin/Documents/Php/ebanyu_v_rot/vendor/laravel/framework/src/Illuminate/Container/Util.php(41): Illuminate\\Container\\BoundMethod::Illuminate\\Container\\{closure}()
#9 /Users/nikitachaykin/Documents/Php/ebanyu_v_rot/vendor/laravel/framework/src/Illuminate/Container/BoundMethod.php(93): Illuminate\\Container\\Util::unwrapIfClosure(Object(Closure))
#10 /Users/nikitachaykin/Documents/Php/ebanyu_v_rot/vendor/laravel/framework/src/Illuminate/Container/BoundMethod.php(37): Illuminate\\Container\\BoundMethod::callBoundMethod(Object(Illuminate\\Foundation\\Application), Array, Object(Closure))
#11 /Users/nikitachaykin/Documents/Php/ebanyu_v_rot/vendor/laravel/framework/src/Illuminate/Container/Container.php(651): Illuminate\\Container\\BoundMethod::call(Object(Illuminate\\Foundation\\Application), Array, Array, NULL)
#12 /Users/nikitachaykin/Documents/Php/ebanyu_v_rot/vendor/laravel/framework/src/Illuminate/Console/Command.php(144): Illuminate\\Container\\Container->call(Array)
#13 /Users/nikitachaykin/Documents/Php/ebanyu_v_rot/vendor/symfony/console/Command/Command.php(291): Illuminate\\Console\\Command->execute(Object(Symfony\\Component\\Console\\Input\\ArgvInput), Object(Illuminate\\Console\\OutputStyle))
#14 /Users/nikitachaykin/Documents/Php/ebanyu_v_rot/vendor/laravel/framework/src/Illuminate/Console/Command.php(126): Symfony\\Component\\Console\\Command\\Command->run(Object(Symfony\\Component\\Console\\Input\\ArgvInput), Object(Illuminate\\Console\\OutputStyle))
#15 /Users/nikitachaykin/Documents/Php/ebanyu_v_rot/vendor/symfony/console/Application.php(1002): Illuminate\\Console\\Command->run(Object(Symfony\\Component\\Console\\Input\\ArgvInput), Object(Symfony\\Component\\Console\\Output\\ConsoleOutput))
#16 /Users/nikitachaykin/Documents/Php/ebanyu_v_rot/vendor/symfony/console/Application.php(299): Symfony\\Component\\Console\\Application->doRunCommand(Object(Illuminate\\Database\\Console\\Migrations\\InstallCommand), Object(Symfony\\Component\\Console\\Input\\ArgvInput), Object(Symfony\\Component\\Console\\Output\\ConsoleOutput))
#17 /Users/nikitachaykin/Documents/Php/ebanyu_v_rot/vendor/symfony/console/Application.php(171): Symfony\\Component\\Console\\Application->doRun(Object(Symfony\\Component\\Console\\Input\\ArgvInput), Object(Symfony\\Component\\Console\\Output\\ConsoleOutput))
#18 /Users/nikitachaykin/Documents/Php/ebanyu_v_rot/vendor/laravel/framework/src/Illuminate/Console/Application.php(102): Symfony\\Component\\Console\\Application->run(Object(Symfony\\Component\\Console\\Input\\ArgvInput), Object(Symfony\\Component\\Console\\Output\\ConsoleOutput))
#19 /Users/nikitachaykin/Documents/Php/ebanyu_v_rot/vendor/laravel/framework/src/Illuminate/Foundation/Console/Kernel.php(129): Illuminate\\Console\\Application->run(Object(Symfony\\Component\\Console\\Input\\ArgvInput), Object(Symfony\\Component\\Console\\Output\\ConsoleOutput))
#20 /Users/nikitachaykin/Documents/Php/ebanyu_v_rot/artisan(37): Illuminate\\Foundation\\Console\\Kernel->handle(Object(Symfony\\Component\\Console\\Input\\ArgvInput), Object(Symfony\\Component\\Console\\Output\\ConsoleOutput))
#21 {main}

[previous exception] [object] (PDOException(code: 7): SQLSTATE[08006] [7] connection to server at \"127.0.0.1\", port 5432 failed: FATAL:  password authentication failed for user \"postgres\" at /Users/nikitachaykin/Documents/Php/ebanyu_v_rot/vendor/laravel/framework/src/Illuminate/Database/Connectors/Connector.php:70)
[stacktrace]
#0 /Users/nikitachaykin/Documents/Php/ebanyu_v_rot/vendor/laravel/framework/src/Illuminate/Database/Connectors/Connector.php(70): PDO->__construct('pgsql:host=127....', 'postgres', 'postgres', Array)
#1 /Users/nikitachaykin/Documents/Php/ebanyu_v_rot/vendor/laravel/framework/src/Illuminate/Database/Connectors/Connector.php(46): Illuminate\\Database\\Connectors\\Connector->createPdoConnection('pgsql:host=127....', 'postgres', 'postgres', Array)
#2 /Users/nikitachaykin/Documents/Php/ebanyu_v_rot/vendor/laravel/framework/src/Illuminate/Database/Connectors/PostgresConnector.php(36): Illuminate\\Database\\Connectors\\Connector->createConnection('pgsql:host=127....', Array, Array)
#3 /Users/nikitachaykin/Documents/Php/ebanyu_v_rot/vendor/laravel/framework/src/Illuminate/Database/Connectors/ConnectionFactory.php(184): Illuminate\\Database\\Connectors\\PostgresConnector->connect(Array)
#4 [internal function]: Illuminate\\Database\\Connectors\\ConnectionFactory->Illuminate\\Database\\Connectors\\{closure}()
#5 /Users/nikitachaykin/Documents/Php/ebanyu_v_rot/vendor/laravel/framework/src/Illuminate/Database/Connection.php(1168): call_user_func(Object(Closure))
#6 /Users/nikitachaykin/Documents/Php/ebanyu_v_rot/vendor/laravel/framework/src/Illuminate/Database/Connection.php(538): Illuminate\\Database\\Connection->getPdo()
#7 /Users/nikitachaykin/Documents/Php/ebanyu_v_rot/vendor/laravel/framework/src/Illuminate/Database/Connection.php(752): Illuminate\\Database\\Connection->Illuminate\\Database\\{closure}('create table \"m...', Array)
#8 /Users/nikitachaykin/Documents/Php/ebanyu_v_rot/vendor/laravel/framework/src/Illuminate/Database/Connection.php(719): Illuminate\\Database\\Connection->runQueryCallback('create table \"m...', Array, Object(Closure))
#9 /Users/nikitachaykin/Documents/Php/ebanyu_v_rot/vendor/laravel/framework/src/Illuminate/Database/Connection.php(545): Illuminate\\Database\\Connection->run('create table \"m...', Array, Object(Closure))
#10 /Users/nikitachaykin/Documents/Php/ebanyu_v_rot/vendor/laravel/framework/src/Illuminate/Database/Schema/Blueprint.php(109): Illuminate\\Database\\Connection->statement('create table \"m...')
#11 /Users/nikitachaykin/Documents/Php/ebanyu_v_rot/vendor/laravel/framework/src/Illuminate/Database/Schema/Builder.php(394): Illuminate\\Database\\Schema\\Blueprint->build(Object(Illuminate\\Database\\PostgresConnection), Object(Illuminate\\Database\\Schema\\Grammars\\PostgresGrammar))
#12 /Users/nikitachaykin/Documents/Php/ebanyu_v_rot/vendor/laravel/framework/src/Illuminate/Database/Schema/Builder.php(257): Illuminate\\Database\\Schema\\Builder->build(Object(Illuminate\\Database\\Schema\\Blueprint))
#13 /Users/nikitachaykin/Documents/Php/ebanyu_v_rot/vendor/laravel/framework/src/Illuminate/Database/Migrations/DatabaseMigrationRepository.php(157): Illuminate\\Database\\Schema\\Builder->create('migrations', Object(Closure))
#14 /Users/nikitachaykin/Documents/Php/ebanyu_v_rot/vendor/laravel/framework/src/Illuminate/Database/Console/Migrations/InstallCommand.php(54): Illuminate\\Database\\Migrations\\DatabaseMigrationRepository->createRepository()
#15 /Users/nikitachaykin/Documents/Php/ebanyu_v_rot/vendor/laravel/framework/src/Illuminate/Container/BoundMethod.php(36): Illuminate\\Database\\Console\\Migrations\\InstallCommand->handle()
#16 /Users/nikitachaykin/Documents/Php/ebanyu_v_rot/vendor/laravel/framework/src/Illuminate/Container/Util.php(41): Illuminate\\Container\\BoundMethod::Illuminate\\Container\\{closure}()
#17 /Users/nikitachaykin/Documents/Php/ebanyu_v_rot/vendor/laravel/framework/src/Illuminate/Container/BoundMethod.php(93): Illuminate\\Container\\Util::unwrapIfClosure(Object(Closure))
#18 /Users/nikitachaykin/Documents/Php/ebanyu_v_rot/vendor/laravel/framework/src/Illuminate/Container/BoundMethod.php(37): Illuminate\\Container\\BoundMethod::callBoundMethod(Object(Illuminate\\Foundation\\Application), Array, Object(Closure))
#19 /Users/nikitachaykin/Documents/Php/ebanyu_v_rot/vendor/laravel/framework/src/Illuminate/Container/Container.php(651): Illuminate\\Container\\BoundMethod::call(Object(Illuminate\\Foundation\\Application), Array, Array, NULL)
#20 /Users/nikitachaykin/Documents/Php/ebanyu_v_rot/vendor/laravel/framework/src/Illuminate/Console/Command.php(144): Illuminate\\Container\\Container->call(Array)
#21 /Users/nikitachaykin/Documents/Php/ebanyu_v_rot/vendor/symfony/console/Command/Command.php(291): Illuminate\\Console\\Command->execute(Object(Symfony\\Component\\Console\\Input\\ArgvInput), Object(Illuminate\\Console\\OutputStyle))
#22 /Users/nikitachaykin/Documents/Php/ebanyu_v_rot/vendor/laravel/framework/src/Illuminate/Console/Command.php(126): Symfony\\Component\\Console\\Command\\Command->run(Object(Symfony\\Component\\Console\\Input\\ArgvInput), Object(Illuminate\\Console\\OutputStyle))
#23 /Users/nikitachaykin/Documents/Php/ebanyu_v_rot/vendor/symfony/console/Application.php(1002): Illuminate\\Console\\Command->run(Object(Symfony\\Component\\Console\\Input\\ArgvInput), Object(Symfony\\Component\\Console\\Output\\ConsoleOutput))
#24 /Users/nikitachaykin/Documents/Php/ebanyu_v_rot/vendor/symfony/console/Application.php(299): Symfony\\Component\\Console\\Application->doRunCommand(Object(Illuminate\\Database\\Console\\Migrations\\InstallCommand), Object(Symfony\\Component\\Console\\Input\\ArgvInput), Object(Symfony\\Component\\Console\\Output\\ConsoleOutput))
#25 /Users/nikitachaykin/Documents/Php/ebanyu_v_rot/vendor/symfony/console/Application.php(171): Symfony\\Component\\Console\\Application->doRun(Object(Symfony\\Component\\Console\\Input\\ArgvInput), Object(Symfony\\Component\\Console\\Output\\ConsoleOutput))
#26 /Users/nikitachaykin/Documents/Php/ebanyu_v_rot/vendor/laravel/framework/src/Illuminate/Console/Application.php(102): Symfony\\Component\\Console\\Application->run(Object(Symfony\\Component\\Console\\Input\\ArgvInput), Object(Symfony\\Component\\Console\\Output\\ConsoleOutput))
#27 /Users/nikitachaykin/Documents/Php/ebanyu_v_rot/vendor/laravel/framework/src/Illuminate/Foundation/Console/Kernel.php(129): Illuminate\\Console\\Application->run(Object(Symfony\\Component\\Console\\Input\\ArgvInput), Object(Symfony\\Component\\Console\\Output\\ConsoleOutput))
#28 /Users/nikitachaykin/Documents/Php/ebanyu_v_rot/artisan(37): Illuminate\\Foundation\\Console\\Kernel->handle(Object(Symfony\\Component\\Console\\Input\\ArgvInput), Object(Symfony\\Component\\Console\\Output\\ConsoleOutput))
#29 {main}
"} 
[2022-09-09 09:40:25] local.ERROR: Call to undefined function Database\Seeders\factory() {"exception":"[object] (Error(code: 0): Call to undefined function Database\\Seeders\\factory() at /Users/nikitachaykin/Documents/Php/ebanyu_v_rot/database/seeders/UsersTableSeeder.php:17)
[stacktrace]
#0 /Users/nikitachaykin/Documents/Php/ebanyu_v_rot/vendor/laravel/framework/src/Illuminate/Container/BoundMethod.php(36): Database\\Seeders\\UsersTableSeeder->run()
#1 /Users/nikitachaykin/Documents/Php/ebanyu_v_rot/vendor/laravel/framework/src/Illuminate/Container/Util.php(41): Illuminate\\Container\\BoundMethod::Illuminate\\Container\\{closure}()
#2 /Users/nikitachaykin/Documents/Php/ebanyu_v_rot/vendor/laravel/framework/src/Illuminate/Container/BoundMethod.php(93): Illuminate\\Container\\Util::unwrapIfClosure(Object(Closure))
#3 /Users/nikitachaykin/Documents/Php/ebanyu_v_rot/vendor/laravel/framework/src/Illuminate/Container/BoundMethod.php(37): Illuminate\\Container\\BoundMethod::callBoundMethod(Object(Illuminate\\Foundation\\Application), Array, Object(Closure))
#4 /Users/nikitachaykin/Documents/Php/ebanyu_v_rot/vendor/laravel/framework/src/Illuminate/Container/Container.php(651): Illuminate\\Container\\BoundMethod::call(Object(Illuminate\\Foundation\\Application), Array, Array, NULL)
#5 /Users/nikitachaykin/Documents/Php/ebanyu_v_rot/vendor/laravel/framework/src/Illuminate/Database/Seeder.php(184): Illuminate\\Container\\Container->call(Array, Array)
#6 /Users/nikitachaykin/Documents/Php/ebanyu_v_rot/vendor/laravel/framework/src/Illuminate/Database/Seeder.php(193): Illuminate\\Database\\Seeder->Illuminate\\Database\\{closure}()
#7 /Users/nikitachaykin/Documents/Php/ebanyu_v_rot/vendor/laravel/framework/src/Illuminate/Database/Seeder.php(61): Illuminate\\Database\\Seeder->__invoke(Array)
#8 /Users/nikitachaykin/Documents/Php/ebanyu_v_rot/database/seeders/DatabaseSeeder.php(17): Illuminate\\Database\\Seeder->call('Database\\\\Seeder...')
#9 /Users/nikitachaykin/Documents/Php/ebanyu_v_rot/vendor/laravel/framework/src/Illuminate/Container/BoundMethod.php(36): Database\\Seeders\\DatabaseSeeder->run()
#10 /Users/nikitachaykin/Documents/Php/ebanyu_v_rot/vendor/laravel/framework/src/Illuminate/Container/Util.php(41): Illuminate\\Container\\BoundMethod::Illuminate\\Container\\{closure}()
#11 /Users/nikitachaykin/Documents/Php/ebanyu_v_rot/vendor/laravel/framework/src/Illuminate/Container/BoundMethod.php(93): Illuminate\\Container\\Util::unwrapIfClosure(Object(Closure))
#12 /Users/nikitachaykin/Documents/Php/ebanyu_v_rot/vendor/laravel/framework/src/Illuminate/Container/BoundMethod.php(37): Illuminate\\Container\\BoundMethod::callBoundMethod(Object(Illuminate\\Foundation\\Application), Array, Object(Closure))
#13 /Users/nikitachaykin/Documents/Php/ebanyu_v_rot/vendor/laravel/framework/src/Illuminate/Container/Container.php(651): Illuminate\\Container\\BoundMethod::call(Object(Illuminate\\Foundation\\Application), Array, Array, NULL)
#14 /Users/nikitachaykin/Documents/Php/ebanyu_v_rot/vendor/laravel/framework/src/Illuminate/Database/Seeder.php(184): Illuminate\\Container\\Container->call(Array, Array)
#15 /Users/nikitachaykin/Documents/Php/ebanyu_v_rot/vendor/laravel/framework/src/Illuminate/Database/Seeder.php(193): Illuminate\\Database\\Seeder->Illuminate\\Database\\{closure}()
#16 /Users/nikitachaykin/Documents/Php/ebanyu_v_rot/vendor/laravel/framework/src/Illuminate/Database/Console/Seeds/SeedCommand.php(81): Illuminate\\Database\\Seeder->__invoke()
#17 /Users/nikitachaykin/Documents/Php/ebanyu_v_rot/vendor/laravel/framework/src/Illuminate/Database/Eloquent/Concerns/GuardsAttributes.php(155): Illuminate\\Database\\Console\\Seeds\\SeedCommand->Illuminate\\Database\\Console\\Seeds\\{closure}()
#18 /Users/nikitachaykin/Documents/Php/ebanyu_v_rot/vendor/laravel/framework/src/Illuminate/Database/Console/Seeds/SeedCommand.php(82): Illuminate\\Database\\Eloquent\\Model::unguarded(Object(Closure))
#19 /Users/nikitachaykin/Documents/Php/ebanyu_v_rot/vendor/laravel/framework/src/Illuminate/Container/BoundMethod.php(36): Illuminate\\Database\\Console\\Seeds\\SeedCommand->handle()
#20 /Users/nikitachaykin/Documents/Php/ebanyu_v_rot/vendor/laravel/framework/src/Illuminate/Container/Util.php(41): Illuminate\\Container\\BoundMethod::Illuminate\\Container\\{closure}()
#21 /Users/nikitachaykin/Documents/Php/ebanyu_v_rot/vendor/laravel/framework/src/Illuminate/Container/BoundMethod.php(93): Illuminate\\Container\\Util::unwrapIfClosure(Object(Closure))
#22 /Users/nikitachaykin/Documents/Php/ebanyu_v_rot/vendor/laravel/framework/src/Illuminate/Container/BoundMethod.php(37): Illuminate\\Container\\BoundMethod::callBoundMethod(Object(Illuminate\\Foundation\\Application), Array, Object(Closure))
#23 /Users/nikitachaykin/Documents/Php/ebanyu_v_rot/vendor/laravel/framework/src/Illuminate/Container/Container.php(651): Illuminate\\Container\\BoundMethod::call(Object(Illuminate\\Foundation\\Application), Array, Array, NULL)
#24 /Users/nikitachaykin/Documents/Php/ebanyu_v_rot/vendor/laravel/framework/src/Illuminate/Console/Command.php(144): Illuminate\\Container\\Container->call(Array)
#25 /Users/nikitachaykin/Documents/Php/ebanyu_v_rot/vendor/symfony/console/Command/Command.php(291): Illuminate\\Console\\Command->execute(Object(Symfony\\Component\\Console\\Input\\ArgvInput), Object(Illuminate\\Console\\OutputStyle))
#26 /Users/nikitachaykin/Documents/Php/ebanyu_v_rot/vendor/laravel/framework/src/Illuminate/Console/Command.php(126): Symfony\\Component\\Console\\Command\\Command->run(Object(Symfony\\Component\\Console\\Input\\ArgvInput), Object(Illuminate\\Console\\OutputStyle))
#27 /Users/nikitachaykin/Documents/Php/ebanyu_v_rot/vendor/symfony/console/Application.php(1002): Illuminate\\Console\\Command->run(Object(Symfony\\Component\\Console\\Input\\ArgvInput), Object(Symfony\\Component\\Console\\Output\\ConsoleOutput))
#28 /Users/nikitachaykin/Documents/Php/ebanyu_v_rot/vendor/symfony/console/Application.php(299): Symfony\\Component\\Console\\Application->doRunCommand(Object(Illuminate\\Database\\Console\\Seeds\\SeedCommand), Object(Symfony\\Component\\Console\\Input\\ArgvInput), Object(Symfony\\Component\\Console\\Output\\ConsoleOutput))
#29 /Users/nikitachaykin/Documents/Php/ebanyu_v_rot/vendor/symfony/console/Application.php(171): Symfony\\Component\\Console\\Application->doRun(Object(Symfony\\Component\\Console\\Input\\ArgvInput), Object(Symfony\\Component\\Console\\Output\\ConsoleOutput))
#30 /Users/nikitachaykin/Documents/Php/ebanyu_v_rot/vendor/laravel/framework/src/Illuminate/Console/Application.php(102): Symfony\\Component\\Console\\Application->run(Object(Symfony\\Component\\Console\\Input\\ArgvInput), Object(Symfony\\Component\\Console\\Output\\ConsoleOutput))
#31 /Users/nikitachaykin/Documents/Php/ebanyu_v_rot/vendor/laravel/framework/src/Illuminate/Foundation/Console/Kernel.php(129): Illuminate\\Console\\Application->run(Object(Symfony\\Component\\Console\\Input\\ArgvInput), Object(Symfony\\Component\\Console\\Output\\ConsoleOutput))
#32 /Users/nikitachaykin/Documents/Php/ebanyu_v_rot/artisan(37): Illuminate\\Foundation\\Console\\Kernel->handle(Object(Symfony\\Component\\Console\\Input\\ArgvInput), Object(Symfony\\Component\\Console\\Output\\ConsoleOutput))
#33 {main}
"} 
[2022-09-09 09:41:38] local.ERROR: Call to undefined function Database\Seeders\factory() {"exception":"[object] (Error(code: 0): Call to undefined function Database\\Seeders\\factory() at /Users/nikitachaykin/Documents/Php/ebanyu_v_rot/database/seeders/UsersTableSeeder.php:17)
[stacktrace]
#0 /Users/nikitachaykin/Documents/Php/ebanyu_v_rot/vendor/laravel/framework/src/Illuminate/Container/BoundMethod.php(36): Database\\Seeders\\UsersTableSeeder->run()
#1 /Users/nikitachaykin/Documents/Php/ebanyu_v_rot/vendor/laravel/framework/src/Illuminate/Container/Util.php(41): Illuminate\\Container\\BoundMethod::Illuminate\\Container\\{closure}()
#2 /Users/nikitachaykin/Documents/Php/ebanyu_v_rot/vendor/laravel/framework/src/Illuminate/Container/BoundMethod.php(93): Illuminate\\Container\\Util::unwrapIfClosure(Object(Closure))
#3 /Users/nikitachaykin/Documents/Php/ebanyu_v_rot/vendor/laravel/framework/src/Illuminate/Container/BoundMethod.php(37): Illuminate\\Container\\BoundMethod::callBoundMethod(Object(Illuminate\\Foundation\\Application), Array, Object(Closure))
#4 /Users/nikitachaykin/Documents/Php/ebanyu_v_rot/vendor/laravel/framework/src/Illuminate/Container/Container.php(651): Illuminate\\Container\\BoundMethod::call(Object(Illuminate\\Foundation\\Application), Array, Array, NULL)
#5 /Users/nikitachaykin/Documents/Php/ebanyu_v_rot/vendor/laravel/framework/src/Illuminate/Database/Seeder.php(184): Illuminate\\Container\\Container->call(Array, Array)
#6 /Users/nikitachaykin/Documents/Php/ebanyu_v_rot/vendor/laravel/framework/src/Illuminate/Database/Seeder.php(193): Illuminate\\Database\\Seeder->Illuminate\\Database\\{closure}()
#7 /Users/nikitachaykin/Documents/Php/ebanyu_v_rot/vendor/laravel/framework/src/Illuminate/Database/Seeder.php(61): Illuminate\\Database\\Seeder->__invoke(Array)
#8 /Users/nikitachaykin/Documents/Php/ebanyu_v_rot/database/seeders/DatabaseSeeder.php(17): Illuminate\\Database\\Seeder->call('Database\\\\Seeder...')
#9 /Users/nikitachaykin/Documents/Php/ebanyu_v_rot/vendor/laravel/framework/src/Illuminate/Container/BoundMethod.php(36): Database\\Seeders\\DatabaseSeeder->run()
#10 /Users/nikitachaykin/Documents/Php/ebanyu_v_rot/vendor/laravel/framework/src/Illuminate/Container/Util.php(41): Illuminate\\Container\\BoundMethod::Illuminate\\Container\\{closure}()
#11 /Users/nikitachaykin/Documents/Php/ebanyu_v_rot/vendor/laravel/framework/src/Illuminate/Container/BoundMethod.php(93): Illuminate\\Container\\Util::unwrapIfClosure(Object(Closure))
#12 /Users/nikitachaykin/Documents/Php/ebanyu_v_rot/vendor/laravel/framework/src/Illuminate/Container/BoundMethod.php(37): Illuminate\\Container\\BoundMethod::callBoundMethod(Object(Illuminate\\Foundation\\Application), Array, Object(Closure))
#13 /Users/nikitachaykin/Documents/Php/ebanyu_v_rot/vendor/laravel/framework/src/Illuminate/Container/Container.php(651): Illuminate\\Container\\BoundMethod::call(Object(Illuminate\\Foundation\\Application), Array, Array, NULL)
#14 /Users/nikitachaykin/Documents/Php/ebanyu_v_rot/vendor/laravel/framework/src/Illuminate/Database/Seeder.php(184): Illuminate\\Container\\Container->call(Array, Array)
#15 /Users/nikitachaykin/Documents/Php/ebanyu_v_rot/vendor/laravel/framework/src/Illuminate/Database/Seeder.php(193): Illuminate\\Database\\Seeder->Illuminate\\Database\\{closure}()
#16 /Users/nikitachaykin/Documents/Php/ebanyu_v_rot/vendor/laravel/framework/src/Illuminate/Database/Console/Seeds/SeedCommand.php(81): Illuminate\\Database\\Seeder->__invoke()
#17 /Users/nikitachaykin/Documents/Php/ebanyu_v_rot/vendor/laravel/framework/src/Illuminate/Database/Eloquent/Concerns/GuardsAttributes.php(155): Illuminate\\Database\\Console\\Seeds\\SeedCommand->Illuminate\\Database\\Console\\Seeds\\{closure}()
#18 /Users/nikitachaykin/Documents/Php/ebanyu_v_rot/vendor/laravel/framework/src/Illuminate/Database/Console/Seeds/SeedCommand.php(82): Illuminate\\Database\\Eloquent\\Model::unguarded(Object(Closure))
#19 /Users/nikitachaykin/Documents/Php/ebanyu_v_rot/vendor/laravel/framework/src/Illuminate/Container/BoundMethod.php(36): Illuminate\\Database\\Console\\Seeds\\SeedCommand->handle()
#20 /Users/nikitachaykin/Documents/Php/ebanyu_v_rot/vendor/laravel/framework/src/Illuminate/Container/Util.php(41): Illuminate\\Container\\BoundMethod::Illuminate\\Container\\{closure}()
#21 /Users/nikitachaykin/Documents/Php/ebanyu_v_rot/vendor/laravel/framework/src/Illuminate/Container/BoundMethod.php(93): Illuminate\\Container\\Util::unwrapIfClosure(Object(Closure))
#22 /Users/nikitachaykin/Documents/Php/ebanyu_v_rot/vendor/laravel/framework/src/Illuminate/Container/BoundMethod.php(37): Illuminate\\Container\\BoundMethod::callBoundMethod(Object(Illuminate\\Foundation\\Application), Array, Object(Closure))
#23 /Users/nikitachaykin/Documents/Php/ebanyu_v_rot/vendor/laravel/framework/src/Illuminate/Container/Container.php(651): Illuminate\\Container\\BoundMethod::call(Object(Illuminate\\Foundation\\Application), Array, Array, NULL)
#24 /Users/nikitachaykin/Documents/Php/ebanyu_v_rot/vendor/laravel/framework/src/Illuminate/Console/Command.php(144): Illuminate\\Container\\Container->call(Array)
#25 /Users/nikitachaykin/Documents/Php/ebanyu_v_rot/vendor/symfony/console/Command/Command.php(291): Illuminate\\Console\\Command->execute(Object(Symfony\\Component\\Console\\Input\\ArgvInput), Object(Illuminate\\Console\\OutputStyle))
#26 /Users/nikitachaykin/Documents/Php/ebanyu_v_rot/vendor/laravel/framework/src/Illuminate/Console/Command.php(126): Symfony\\Component\\Console\\Command\\Command->run(Object(Symfony\\Component\\Console\\Input\\ArgvInput), Object(Illuminate\\Console\\OutputStyle))
#27 /Users/nikitachaykin/Documents/Php/ebanyu_v_rot/vendor/symfony/console/Application.php(1002): Illuminate\\Console\\Command->run(Object(Symfony\\Component\\Console\\Input\\ArgvInput), Object(Symfony\\Component\\Console\\Output\\ConsoleOutput))
#28 /Users/nikitachaykin/Documents/Php/ebanyu_v_rot/vendor/symfony/console/Application.php(299): Symfony\\Component\\Console\\Application->doRunCommand(Object(Illuminate\\Database\\Console\\Seeds\\SeedCommand), Object(Symfony\\Component\\Console\\Input\\ArgvInput), Object(Symfony\\Component\\Console\\Output\\ConsoleOutput))
#29 /Users/nikitachaykin/Documents/Php/ebanyu_v_rot/vendor/symfony/console/Application.php(171): Symfony\\Component\\Console\\Application->doRun(Object(Symfony\\Component\\Console\\Input\\ArgvInput), Object(Symfony\\Component\\Console\\Output\\ConsoleOutput))
#30 /Users/nikitachaykin/Documents/Php/ebanyu_v_rot/vendor/laravel/framework/src/Illuminate/Console/Application.php(102): Symfony\\Component\\Console\\Application->run(Object(Symfony\\Component\\Console\\Input\\ArgvInput), Object(Symfony\\Component\\Console\\Output\\ConsoleOutput))
#31 /Users/nikitachaykin/Documents/Php/ebanyu_v_rot/vendor/laravel/framework/src/Illuminate/Foundation/Console/Kernel.php(129): Illuminate\\Console\\Application->run(Object(Symfony\\Component\\Console\\Input\\ArgvInput), Object(Symfony\\Component\\Console\\Output\\ConsoleOutput))
#32 /Users/nikitachaykin/Documents/Php/ebanyu_v_rot/artisan(37): Illuminate\\Foundation\\Console\\Kernel->handle(Object(Symfony\\Component\\Console\\Input\\ArgvInput), Object(Symfony\\Component\\Console\\Output\\ConsoleOutput))
#33 {main}
"} 
[2022-09-09 09:43:54] local.ERROR: Call to undefined function Database\Seeders\factory() {"exception":"[object] (Error(code: 0): Call to undefined function Database\\Seeders\\factory() at /Users/nikitachaykin/Documents/Php/ebanyu_v_rot/database/seeders/UsersTableSeeder.php:17)
[stacktrace]
#0 /Users/nikitachaykin/Documents/Php/ebanyu_v_rot/vendor/laravel/framework/src/Illuminate/Container/BoundMethod.php(36): Database\\Seeders\\UsersTableSeeder->run()
#1 /Users/nikitachaykin/Documents/Php/ebanyu_v_rot/vendor/laravel/framework/src/Illuminate/Container/Util.php(41): Illuminate\\Container\\BoundMethod::Illuminate\\Container\\{closure}()
#2 /Users/nikitachaykin/Documents/Php/ebanyu_v_rot/vendor/laravel/framework/src/Illuminate/Container/BoundMethod.php(93): Illuminate\\Container\\Util::unwrapIfClosure(Object(Closure))
#3 /Users/nikitachaykin/Documents/Php/ebanyu_v_rot/vendor/laravel/framework/src/Illuminate/Container/BoundMethod.php(37): Illuminate\\Container\\BoundMethod::callBoundMethod(Object(Illuminate\\Foundation\\Application), Array, Object(Closure))
#4 /Users/nikitachaykin/Documents/Php/ebanyu_v_rot/vendor/laravel/framework/src/Illuminate/Container/Container.php(651): Illuminate\\Container\\BoundMethod::call(Object(Illuminate\\Foundation\\Application), Array, Array, NULL)
#5 /Users/nikitachaykin/Documents/Php/ebanyu_v_rot/vendor/laravel/framework/src/Illuminate/Database/Seeder.php(184): Illuminate\\Container\\Container->call(Array, Array)
#6 /Users/nikitachaykin/Documents/Php/ebanyu_v_rot/vendor/laravel/framework/src/Illuminate/Database/Seeder.php(193): Illuminate\\Database\\Seeder->Illuminate\\Database\\{closure}()
#7 /Users/nikitachaykin/Documents/Php/ebanyu_v_rot/vendor/laravel/framework/src/Illuminate/Database/Seeder.php(61): Illuminate\\Database\\Seeder->__invoke(Array)
#8 /Users/nikitachaykin/Documents/Php/ebanyu_v_rot/database/seeders/DatabaseSeeder.php(17): Illuminate\\Database\\Seeder->call('Database\\\\Seeder...')
#9 /Users/nikitachaykin/Documents/Php/ebanyu_v_rot/vendor/laravel/framework/src/Illuminate/Container/BoundMethod.php(36): Database\\Seeders\\DatabaseSeeder->run()
#10 /Users/nikitachaykin/Documents/Php/ebanyu_v_rot/vendor/laravel/framework/src/Illuminate/Container/Util.php(41): Illuminate\\Container\\BoundMethod::Illuminate\\Container\\{closure}()
#11 /Users/nikitachaykin/Documents/Php/ebanyu_v_rot/vendor/laravel/framework/src/Illuminate/Container/BoundMethod.php(93): Illuminate\\Container\\Util::unwrapIfClosure(Object(Closure))
#12 /Users/nikitachaykin/Documents/Php/ebanyu_v_rot/vendor/laravel/framework/src/Illuminate/Container/BoundMethod.php(37): Illuminate\\Container\\BoundMethod::callBoundMethod(Object(Illuminate\\Foundation\\Application), Array, Object(Closure))
#13 /Users/nikitachaykin/Documents/Php/ebanyu_v_rot/vendor/laravel/framework/src/Illuminate/Container/Container.php(651): Illuminate\\Container\\BoundMethod::call(Object(Illuminate\\Foundation\\Application), Array, Array, NULL)
#14 /Users/nikitachaykin/Documents/Php/ebanyu_v_rot/vendor/laravel/framework/src/Illuminate/Database/Seeder.php(184): Illuminate\\Container\\Container->call(Array, Array)
#15 /Users/nikitachaykin/Documents/Php/ebanyu_v_rot/vendor/laravel/framework/src/Illuminate/Database/Seeder.php(193): Illuminate\\Database\\Seeder->Illuminate\\Database\\{closure}()
#16 /Users/nikitachaykin/Documents/Php/ebanyu_v_rot/vendor/laravel/framework/src/Illuminate/Database/Console/Seeds/SeedCommand.php(81): Illuminate\\Database\\Seeder->__invoke()
#17 /Users/nikitachaykin/Documents/Php/ebanyu_v_rot/vendor/laravel/framework/src/Illuminate/Database/Eloquent/Concerns/GuardsAttributes.php(155): Illuminate\\Database\\Console\\Seeds\\SeedCommand->Illuminate\\Database\\Console\\Seeds\\{closure}()
#18 /Users/nikitachaykin/Documents/Php/ebanyu_v_rot/vendor/laravel/framework/src/Illuminate/Database/Console/Seeds/SeedCommand.php(82): Illuminate\\Database\\Eloquent\\Model::unguarded(Object(Closure))
#19 /Users/nikitachaykin/Documents/Php/ebanyu_v_rot/vendor/laravel/framework/src/Illuminate/Container/BoundMethod.php(36): Illuminate\\Database\\Console\\Seeds\\SeedCommand->handle()
#20 /Users/nikitachaykin/Documents/Php/ebanyu_v_rot/vendor/laravel/framework/src/Illuminate/Container/Util.php(41): Illuminate\\Container\\BoundMethod::Illuminate\\Container\\{closure}()
#21 /Users/nikitachaykin/Documents/Php/ebanyu_v_rot/vendor/laravel/framework/src/Illuminate/Container/BoundMethod.php(93): Illuminate\\Container\\Util::unwrapIfClosure(Object(Closure))
#22 /Users/nikitachaykin/Documents/Php/ebanyu_v_rot/vendor/laravel/framework/src/Illuminate/Container/BoundMethod.php(37): Illuminate\\Container\\BoundMethod::callBoundMethod(Object(Illuminate\\Foundation\\Application), Array, Object(Closure))
#23 /Users/nikitachaykin/Documents/Php/ebanyu_v_rot/vendor/laravel/framework/src/Illuminate/Container/Container.php(651): Illuminate\\Container\\BoundMethod::call(Object(Illuminate\\Foundation\\Application), Array, Array, NULL)
#24 /Users/nikitachaykin/Documents/Php/ebanyu_v_rot/vendor/laravel/framework/src/Illuminate/Console/Command.php(144): Illuminate\\Container\\Container->call(Array)
#25 /Users/nikitachaykin/Documents/Php/ebanyu_v_rot/vendor/symfony/console/Command/Command.php(291): Illuminate\\Console\\Command->execute(Object(Symfony\\Component\\Console\\Input\\ArgvInput), Object(Illuminate\\Console\\OutputStyle))
#26 /Users/nikitachaykin/Documents/Php/ebanyu_v_rot/vendor/laravel/framework/src/Illuminate/Console/Command.php(126): Symfony\\Component\\Console\\Command\\Command->run(Object(Symfony\\Component\\Console\\Input\\ArgvInput), Object(Illuminate\\Console\\OutputStyle))
#27 /Users/nikitachaykin/Documents/Php/ebanyu_v_rot/vendor/symfony/console/Application.php(1002): Illuminate\\Console\\Command->run(Object(Symfony\\Component\\Console\\Input\\ArgvInput), Object(Symfony\\Component\\Console\\Output\\ConsoleOutput))
#28 /Users/nikitachaykin/Documents/Php/ebanyu_v_rot/vendor/symfony/console/Application.php(299): Symfony\\Component\\Console\\Application->doRunCommand(Object(Illuminate\\Database\\Console\\Seeds\\SeedCommand), Object(Symfony\\Component\\Console\\Input\\ArgvInput), Object(Symfony\\Component\\Console\\Output\\ConsoleOutput))
#29 /Users/nikitachaykin/Documents/Php/ebanyu_v_rot/vendor/symfony/console/Application.php(171): Symfony\\Component\\Console\\Application->doRun(Object(Symfony\\Component\\Console\\Input\\ArgvInput), Object(Symfony\\Component\\Console\\Output\\ConsoleOutput))
#30 /Users/nikitachaykin/Documents/Php/ebanyu_v_rot/vendor/laravel/framework/src/Illuminate/Console/Application.php(102): Symfony\\Component\\Console\\Application->run(Object(Symfony\\Component\\Console\\Input\\ArgvInput), Object(Symfony\\Component\\Console\\Output\\ConsoleOutput))
#31 /Users/nikitachaykin/Documents/Php/ebanyu_v_rot/vendor/laravel/framework/src/Illuminate/Foundation/Console/Kernel.php(129): Illuminate\\Console\\Application->run(Object(Symfony\\Component\\Console\\Input\\ArgvInput), Object(Symfony\\Component\\Console\\Output\\ConsoleOutput))
#32 /Users/nikitachaykin/Documents/Php/ebanyu_v_rot/artisan(37): Illuminate\\Foundation\\Console\\Kernel->handle(Object(Symfony\\Component\\Console\\Input\\ArgvInput), Object(Symfony\\Component\\Console\\Output\\ConsoleOutput))
#33 {main}
"} 
[2022-09-09 09:44:48] local.ERROR: Call to undefined function Database\Seeders\factory() {"exception":"[object] (Error(code: 0): Call to undefined function Database\\Seeders\\factory() at /Users/nikitachaykin/Documents/Php/ebanyu_v_rot/database/seeders/UsersTableSeeder.php:17)
[stacktrace]
#0 /Users/nikitachaykin/Documents/Php/ebanyu_v_rot/vendor/laravel/framework/src/Illuminate/Container/BoundMethod.php(36): Database\\Seeders\\UsersTableSeeder->run()
#1 /Users/nikitachaykin/Documents/Php/ebanyu_v_rot/vendor/laravel/framework/src/Illuminate/Container/Util.php(41): Illuminate\\Container\\BoundMethod::Illuminate\\Container\\{closure}()
#2 /Users/nikitachaykin/Documents/Php/ebanyu_v_rot/vendor/laravel/framework/src/Illuminate/Container/BoundMethod.php(93): Illuminate\\Container\\Util::unwrapIfClosure(Object(Closure))
#3 /Users/nikitachaykin/Documents/Php/ebanyu_v_rot/vendor/laravel/framework/src/Illuminate/Container/BoundMethod.php(37): Illuminate\\Container\\BoundMethod::callBoundMethod(Object(Illuminate\\Foundation\\Application), Array, Object(Closure))
#4 /Users/nikitachaykin/Documents/Php/ebanyu_v_rot/vendor/laravel/framework/src/Illuminate/Container/Container.php(651): Illuminate\\Container\\BoundMethod::call(Object(Illuminate\\Foundation\\Application), Array, Array, NULL)
#5 /Users/nikitachaykin/Documents/Php/ebanyu_v_rot/vendor/laravel/framework/src/Illuminate/Database/Seeder.php(184): Illuminate\\Container\\Container->call(Array, Array)
#6 /Users/nikitachaykin/Documents/Php/ebanyu_v_rot/vendor/laravel/framework/src/Illuminate/Database/Seeder.php(193): Illuminate\\Database\\Seeder->Illuminate\\Database\\{closure}()
#7 /Users/nikitachaykin/Documents/Php/ebanyu_v_rot/vendor/laravel/framework/src/Illuminate/Database/Seeder.php(61): Illuminate\\Database\\Seeder->__invoke(Array)
#8 /Users/nikitachaykin/Documents/Php/ebanyu_v_rot/database/seeders/DatabaseSeeder.php(17): Illuminate\\Database\\Seeder->call('Database\\\\Seeder...')
#9 /Users/nikitachaykin/Documents/Php/ebanyu_v_rot/vendor/laravel/framework/src/Illuminate/Container/BoundMethod.php(36): Database\\Seeders\\DatabaseSeeder->run()
#10 /Users/nikitachaykin/Documents/Php/ebanyu_v_rot/vendor/laravel/framework/src/Illuminate/Container/Util.php(41): Illuminate\\Container\\BoundMethod::Illuminate\\Container\\{closure}()
#11 /Users/nikitachaykin/Documents/Php/ebanyu_v_rot/vendor/laravel/framework/src/Illuminate/Container/BoundMethod.php(93): Illuminate\\Container\\Util::unwrapIfClosure(Object(Closure))
#12 /Users/nikitachaykin/Documents/Php/ebanyu_v_rot/vendor/laravel/framework/src/Illuminate/Container/BoundMethod.php(37): Illuminate\\Container\\BoundMethod::callBoundMethod(Object(Illuminate\\Foundation\\Application), Array, Object(Closure))
#13 /Users/nikitachaykin/Documents/Php/ebanyu_v_rot/vendor/laravel/framework/src/Illuminate/Container/Container.php(651): Illuminate\\Container\\BoundMethod::call(Object(Illuminate\\Foundation\\Application), Array, Array, NULL)
#14 /Users/nikitachaykin/Documents/Php/ebanyu_v_rot/vendor/laravel/framework/src/Illuminate/Database/Seeder.php(184): Illuminate\\Container\\Container->call(Array, Array)
#15 /Users/nikitachaykin/Documents/Php/ebanyu_v_rot/vendor/laravel/framework/src/Illuminate/Database/Seeder.php(193): Illuminate\\Database\\Seeder->Illuminate\\Database\\{closure}()
#16 /Users/nikitachaykin/Documents/Php/ebanyu_v_rot/vendor/laravel/framework/src/Illuminate/Database/Console/Seeds/SeedCommand.php(81): Illuminate\\Database\\Seeder->__invoke()
#17 /Users/nikitachaykin/Documents/Php/ebanyu_v_rot/vendor/laravel/framework/src/Illuminate/Database/Eloquent/Concerns/GuardsAttributes.php(155): Illuminate\\Database\\Console\\Seeds\\SeedCommand->Illuminate\\Database\\Console\\Seeds\\{closure}()
#18 /Users/nikitachaykin/Documents/Php/ebanyu_v_rot/vendor/laravel/framework/src/Illuminate/Database/Console/Seeds/SeedCommand.php(82): Illuminate\\Database\\Eloquent\\Model::unguarded(Object(Closure))
#19 /Users/nikitachaykin/Documents/Php/ebanyu_v_rot/vendor/laravel/framework/src/Illuminate/Container/BoundMethod.php(36): Illuminate\\Database\\Console\\Seeds\\SeedCommand->handle()
#20 /Users/nikitachaykin/Documents/Php/ebanyu_v_rot/vendor/laravel/framework/src/Illuminate/Container/Util.php(41): Illuminate\\Container\\BoundMethod::Illuminate\\Container\\{closure}()
#21 /Users/nikitachaykin/Documents/Php/ebanyu_v_rot/vendor/laravel/framework/src/Illuminate/Container/BoundMethod.php(93): Illuminate\\Container\\Util::unwrapIfClosure(Object(Closure))
#22 /Users/nikitachaykin/Documents/Php/ebanyu_v_rot/vendor/laravel/framework/src/Illuminate/Container/BoundMethod.php(37): Illuminate\\Container\\BoundMethod::callBoundMethod(Object(Illuminate\\Foundation\\Application), Array, Object(Closure))
#23 /Users/nikitachaykin/Documents/Php/ebanyu_v_rot/vendor/laravel/framework/src/Illuminate/Container/Container.php(651): Illuminate\\Container\\BoundMethod::call(Object(Illuminate\\Foundation\\Application), Array, Array, NULL)
#24 /Users/nikitachaykin/Documents/Php/ebanyu_v_rot/vendor/laravel/framework/src/Illuminate/Console/Command.php(144): Illuminate\\Container\\Container->call(Array)
#25 /Users/nikitachaykin/Documents/Php/ebanyu_v_rot/vendor/symfony/console/Command/Command.php(291): Illuminate\\Console\\Command->execute(Object(Symfony\\Component\\Console\\Input\\ArgvInput), Object(Illuminate\\Console\\OutputStyle))
#26 /Users/nikitachaykin/Documents/Php/ebanyu_v_rot/vendor/laravel/framework/src/Illuminate/Console/Command.php(126): Symfony\\Component\\Console\\Command\\Command->run(Object(Symfony\\Component\\Console\\Input\\ArgvInput), Object(Illuminate\\Console\\OutputStyle))
#27 /Users/nikitachaykin/Documents/Php/ebanyu_v_rot/vendor/symfony/console/Application.php(1002): Illuminate\\Console\\Command->run(Object(Symfony\\Component\\Console\\Input\\ArgvInput), Object(Symfony\\Component\\Console\\Output\\ConsoleOutput))
#28 /Users/nikitachaykin/Documents/Php/ebanyu_v_rot/vendor/symfony/console/Application.php(299): Symfony\\Component\\Console\\Application->doRunCommand(Object(Illuminate\\Database\\Console\\Seeds\\SeedCommand), Object(Symfony\\Component\\Console\\Input\\ArgvInput), Object(Symfony\\Component\\Console\\Output\\ConsoleOutput))
#29 /Users/nikitachaykin/Documents/Php/ebanyu_v_rot/vendor/symfony/console/Application.php(171): Symfony\\Component\\Console\\Application->doRun(Object(Symfony\\Component\\Console\\Input\\ArgvInput), Object(Symfony\\Component\\Console\\Output\\ConsoleOutput))
#30 /Users/nikitachaykin/Documents/Php/ebanyu_v_rot/vendor/laravel/framework/src/Illuminate/Console/Application.php(102): Symfony\\Component\\Console\\Application->run(Object(Symfony\\Component\\Console\\Input\\ArgvInput), Object(Symfony\\Component\\Console\\Output\\ConsoleOutput))
#31 /Users/nikitachaykin/Documents/Php/ebanyu_v_rot/vendor/laravel/framework/src/Illuminate/Foundation/Console/Kernel.php(129): Illuminate\\Console\\Application->run(Object(Symfony\\Component\\Console\\Input\\ArgvInput), Object(Symfony\\Component\\Console\\Output\\ConsoleOutput))
#32 /Users/nikitachaykin/Documents/Php/ebanyu_v_rot/artisan(37): Illuminate\\Foundation\\Console\\Kernel->handle(Object(Symfony\\Component\\Console\\Input\\ArgvInput), Object(Symfony\\Component\\Console\\Output\\ConsoleOutput))
#33 {main}
"} 
[2022-09-09 09:48:24] local.ERROR: Call to undefined function Database\Seeders\definition() {"exception":"[object] (Error(code: 0): Call to undefined function Database\\Seeders\\definition() at /Users/nikitachaykin/Documents/Php/ebanyu_v_rot/database/seeders/UsersTableSeeder.php:17)
[stacktrace]
#0 /Users/nikitachaykin/Documents/Php/ebanyu_v_rot/vendor/laravel/framework/src/Illuminate/Container/BoundMethod.php(36): Database\\Seeders\\UsersTableSeeder->run()
#1 /Users/nikitachaykin/Documents/Php/ebanyu_v_rot/vendor/laravel/framework/src/Illuminate/Container/Util.php(41): Illuminate\\Container\\BoundMethod::Illuminate\\Container\\{closure}()
#2 /Users/nikitachaykin/Documents/Php/ebanyu_v_rot/vendor/laravel/framework/src/Illuminate/Container/BoundMethod.php(93): Illuminate\\Container\\Util::unwrapIfClosure(Object(Closure))
#3 /Users/nikitachaykin/Documents/Php/ebanyu_v_rot/vendor/laravel/framework/src/Illuminate/Container/BoundMethod.php(37): Illuminate\\Container\\BoundMethod::callBoundMethod(Object(Illuminate\\Foundation\\Application), Array, Object(Closure))
#4 /Users/nikitachaykin/Documents/Php/ebanyu_v_rot/vendor/laravel/framework/src/Illuminate/Container/Container.php(651): Illuminate\\Container\\BoundMethod::call(Object(Illuminate\\Foundation\\Application), Array, Array, NULL)
#5 /Users/nikitachaykin/Documents/Php/ebanyu_v_rot/vendor/laravel/framework/src/Illuminate/Database/Seeder.php(184): Illuminate\\Container\\Container->call(Array, Array)
#6 /Users/nikitachaykin/Documents/Php/ebanyu_v_rot/vendor/laravel/framework/src/Illuminate/Database/Seeder.php(193): Illuminate\\Database\\Seeder->Illuminate\\Database\\{closure}()
#7 /Users/nikitachaykin/Documents/Php/ebanyu_v_rot/vendor/laravel/framework/src/Illuminate/Database/Seeder.php(61): Illuminate\\Database\\Seeder->__invoke(Array)
#8 /Users/nikitachaykin/Documents/Php/ebanyu_v_rot/database/seeders/DatabaseSeeder.php(17): Illuminate\\Database\\Seeder->call('Database\\\\Seeder...')
#9 /Users/nikitachaykin/Documents/Php/ebanyu_v_rot/vendor/laravel/framework/src/Illuminate/Container/BoundMethod.php(36): Database\\Seeders\\DatabaseSeeder->run()
#10 /Users/nikitachaykin/Documents/Php/ebanyu_v_rot/vendor/laravel/framework/src/Illuminate/Container/Util.php(41): Illuminate\\Container\\BoundMethod::Illuminate\\Container\\{closure}()
#11 /Users/nikitachaykin/Documents/Php/ebanyu_v_rot/vendor/laravel/framework/src/Illuminate/Container/BoundMethod.php(93): Illuminate\\Container\\Util::unwrapIfClosure(Object(Closure))
#12 /Users/nikitachaykin/Documents/Php/ebanyu_v_rot/vendor/laravel/framework/src/Illuminate/Container/BoundMethod.php(37): Illuminate\\Container\\BoundMethod::callBoundMethod(Object(Illuminate\\Foundation\\Application), Array, Object(Closure))
#13 /Users/nikitachaykin/Documents/Php/ebanyu_v_rot/vendor/laravel/framework/src/Illuminate/Container/Container.php(651): Illuminate\\Container\\BoundMethod::call(Object(Illuminate\\Foundation\\Application), Array, Array, NULL)
#14 /Users/nikitachaykin/Documents/Php/ebanyu_v_rot/vendor/laravel/framework/src/Illuminate/Database/Seeder.php(184): Illuminate\\Container\\Container->call(Array, Array)
#15 /Users/nikitachaykin/Documents/Php/ebanyu_v_rot/vendor/laravel/framework/src/Illuminate/Database/Seeder.php(193): Illuminate\\Database\\Seeder->Illuminate\\Database\\{closure}()
#16 /Users/nikitachaykin/Documents/Php/ebanyu_v_rot/vendor/laravel/framework/src/Illuminate/Database/Console/Seeds/SeedCommand.php(81): Illuminate\\Database\\Seeder->__invoke()
#17 /Users/nikitachaykin/Documents/Php/ebanyu_v_rot/vendor/laravel/framework/src/Illuminate/Database/Eloquent/Concerns/GuardsAttributes.php(155): Illuminate\\Database\\Console\\Seeds\\SeedCommand->Illuminate\\Database\\Console\\Seeds\\{closure}()
#18 /Users/nikitachaykin/Documents/Php/ebanyu_v_rot/vendor/laravel/framework/src/Illuminate/Database/Console/Seeds/SeedCommand.php(82): Illuminate\\Database\\Eloquent\\Model::unguarded(Object(Closure))
#19 /Users/nikitachaykin/Documents/Php/ebanyu_v_rot/vendor/laravel/framework/src/Illuminate/Container/BoundMethod.php(36): Illuminate\\Database\\Console\\Seeds\\SeedCommand->handle()
#20 /Users/nikitachaykin/Documents/Php/ebanyu_v_rot/vendor/laravel/framework/src/Illuminate/Container/Util.php(41): Illuminate\\Container\\BoundMethod::Illuminate\\Container\\{closure}()
#21 /Users/nikitachaykin/Documents/Php/ebanyu_v_rot/vendor/laravel/framework/src/Illuminate/Container/BoundMethod.php(93): Illuminate\\Container\\Util::unwrapIfClosure(Object(Closure))
#22 /Users/nikitachaykin/Documents/Php/ebanyu_v_rot/vendor/laravel/framework/src/Illuminate/Container/BoundMethod.php(37): Illuminate\\Container\\BoundMethod::callBoundMethod(Object(Illuminate\\Foundation\\Application), Array, Object(Closure))
#23 /Users/nikitachaykin/Documents/Php/ebanyu_v_rot/vendor/laravel/framework/src/Illuminate/Container/Container.php(651): Illuminate\\Container\\BoundMethod::call(Object(Illuminate\\Foundation\\Application), Array, Array, NULL)
#24 /Users/nikitachaykin/Documents/Php/ebanyu_v_rot/vendor/laravel/framework/src/Illuminate/Console/Command.php(144): Illuminate\\Container\\Container->call(Array)
#25 /Users/nikitachaykin/Documents/Php/ebanyu_v_rot/vendor/symfony/console/Command/Command.php(291): Illuminate\\Console\\Command->execute(Object(Symfony\\Component\\Console\\Input\\ArgvInput), Object(Illuminate\\Console\\OutputStyle))
#26 /Users/nikitachaykin/Documents/Php/ebanyu_v_rot/vendor/laravel/framework/src/Illuminate/Console/Command.php(126): Symfony\\Component\\Console\\Command\\Command->run(Object(Symfony\\Component\\Console\\Input\\ArgvInput), Object(Illuminate\\Console\\OutputStyle))
#27 /Users/nikitachaykin/Documents/Php/ebanyu_v_rot/vendor/symfony/console/Application.php(1002): Illuminate\\Console\\Command->run(Object(Symfony\\Component\\Console\\Input\\ArgvInput), Object(Symfony\\Component\\Console\\Output\\ConsoleOutput))
#28 /Users/nikitachaykin/Documents/Php/ebanyu_v_rot/vendor/symfony/console/Application.php(299): Symfony\\Component\\Console\\Application->doRunCommand(Object(Illuminate\\Database\\Console\\Seeds\\SeedCommand), Object(Symfony\\Component\\Console\\Input\\ArgvInput), Object(Symfony\\Component\\Console\\Output\\ConsoleOutput))
#29 /Users/nikitachaykin/Documents/Php/ebanyu_v_rot/vendor/symfony/console/Application.php(171): Symfony\\Component\\Console\\Application->doRun(Object(Symfony\\Component\\Console\\Input\\ArgvInput), Object(Symfony\\Component\\Console\\Output\\ConsoleOutput))
#30 /Users/nikitachaykin/Documents/Php/ebanyu_v_rot/vendor/laravel/framework/src/Illuminate/Console/Application.php(102): Symfony\\Component\\Console\\Application->run(Object(Symfony\\Component\\Console\\Input\\ArgvInput), Object(Symfony\\Component\\Console\\Output\\ConsoleOutput))
#31 /Users/nikitachaykin/Documents/Php/ebanyu_v_rot/vendor/laravel/framework/src/Illuminate/Foundation/Console/Kernel.php(129): Illuminate\\Console\\Application->run(Object(Symfony\\Component\\Console\\Input\\ArgvInput), Object(Symfony\\Component\\Console\\Output\\ConsoleOutput))
#32 /Users/nikitachaykin/Documents/Php/ebanyu_v_rot/artisan(37): Illuminate\\Foundation\\Console\\Kernel->handle(Object(Symfony\\Component\\Console\\Input\\ArgvInput), Object(Symfony\\Component\\Console\\Output\\ConsoleOutput))
#33 {main}
"} 
[2022-09-09 09:49:33] local.ERROR: Call to undefined function Database\Seeders\definition() {"exception":"[object] (Error(code: 0): Call to undefined function Database\\Seeders\\definition() at /Users/nikitachaykin/Documents/Php/ebanyu_v_rot/database/seeders/UsersTableSeeder.php:18)
[stacktrace]
#0 /Users/nikitachaykin/Documents/Php/ebanyu_v_rot/vendor/laravel/framework/src/Illuminate/Container/BoundMethod.php(36): Database\\Seeders\\UsersTableSeeder->run()
#1 /Users/nikitachaykin/Documents/Php/ebanyu_v_rot/vendor/laravel/framework/src/Illuminate/Container/Util.php(41): Illuminate\\Container\\BoundMethod::Illuminate\\Container\\{closure}()
#2 /Users/nikitachaykin/Documents/Php/ebanyu_v_rot/vendor/laravel/framework/src/Illuminate/Container/BoundMethod.php(93): Illuminate\\Container\\Util::unwrapIfClosure(Object(Closure))
#3 /Users/nikitachaykin/Documents/Php/ebanyu_v_rot/vendor/laravel/framework/src/Illuminate/Container/BoundMethod.php(37): Illuminate\\Container\\BoundMethod::callBoundMethod(Object(Illuminate\\Foundation\\Application), Array, Object(Closure))
#4 /Users/nikitachaykin/Documents/Php/ebanyu_v_rot/vendor/laravel/framework/src/Illuminate/Container/Container.php(651): Illuminate\\Container\\BoundMethod::call(Object(Illuminate\\Foundation\\Application), Array, Array, NULL)
#5 /Users/nikitachaykin/Documents/Php/ebanyu_v_rot/vendor/laravel/framework/src/Illuminate/Database/Seeder.php(184): Illuminate\\Container\\Container->call(Array, Array)
#6 /Users/nikitachaykin/Documents/Php/ebanyu_v_rot/vendor/laravel/framework/src/Illuminate/Database/Seeder.php(193): Illuminate\\Database\\Seeder->Illuminate\\Database\\{closure}()
#7 /Users/nikitachaykin/Documents/Php/ebanyu_v_rot/vendor/laravel/framework/src/Illuminate/Database/Seeder.php(61): Illuminate\\Database\\Seeder->__invoke(Array)
#8 /Users/nikitachaykin/Documents/Php/ebanyu_v_rot/database/seeders/DatabaseSeeder.php(17): Illuminate\\Database\\Seeder->call('Database\\\\Seeder...')
#9 /Users/nikitachaykin/Documents/Php/ebanyu_v_rot/vendor/laravel/framework/src/Illuminate/Container/BoundMethod.php(36): Database\\Seeders\\DatabaseSeeder->run()
#10 /Users/nikitachaykin/Documents/Php/ebanyu_v_rot/vendor/laravel/framework/src/Illuminate/Container/Util.php(41): Illuminate\\Container\\BoundMethod::Illuminate\\Container\\{closure}()
#11 /Users/nikitachaykin/Documents/Php/ebanyu_v_rot/vendor/laravel/framework/src/Illuminate/Container/BoundMethod.php(93): Illuminate\\Container\\Util::unwrapIfClosure(Object(Closure))
#12 /Users/nikitachaykin/Documents/Php/ebanyu_v_rot/vendor/laravel/framework/src/Illuminate/Container/BoundMethod.php(37): Illuminate\\Container\\BoundMethod::callBoundMethod(Object(Illuminate\\Foundation\\Application), Array, Object(Closure))
#13 /Users/nikitachaykin/Documents/Php/ebanyu_v_rot/vendor/laravel/framework/src/Illuminate/Container/Container.php(651): Illuminate\\Container\\BoundMethod::call(Object(Illuminate\\Foundation\\Application), Array, Array, NULL)
#14 /Users/nikitachaykin/Documents/Php/ebanyu_v_rot/vendor/laravel/framework/src/Illuminate/Database/Seeder.php(184): Illuminate\\Container\\Container->call(Array, Array)
#15 /Users/nikitachaykin/Documents/Php/ebanyu_v_rot/vendor/laravel/framework/src/Illuminate/Database/Seeder.php(193): Illuminate\\Database\\Seeder->Illuminate\\Database\\{closure}()
#16 /Users/nikitachaykin/Documents/Php/ebanyu_v_rot/vendor/laravel/framework/src/Illuminate/Database/Console/Seeds/SeedCommand.php(81): Illuminate\\Database\\Seeder->__invoke()
#17 /Users/nikitachaykin/Documents/Php/ebanyu_v_rot/vendor/laravel/framework/src/Illuminate/Database/Eloquent/Concerns/GuardsAttributes.php(155): Illuminate\\Database\\Console\\Seeds\\SeedCommand->Illuminate\\Database\\Console\\Seeds\\{closure}()
#18 /Users/nikitachaykin/Documents/Php/ebanyu_v_rot/vendor/laravel/framework/src/Illuminate/Database/Console/Seeds/SeedCommand.php(82): Illuminate\\Database\\Eloquent\\Model::unguarded(Object(Closure))
#19 /Users/nikitachaykin/Documents/Php/ebanyu_v_rot/vendor/laravel/framework/src/Illuminate/Container/BoundMethod.php(36): Illuminate\\Database\\Console\\Seeds\\SeedCommand->handle()
#20 /Users/nikitachaykin/Documents/Php/ebanyu_v_rot/vendor/laravel/framework/src/Illuminate/Container/Util.php(41): Illuminate\\Container\\BoundMethod::Illuminate\\Container\\{closure}()
#21 /Users/nikitachaykin/Documents/Php/ebanyu_v_rot/vendor/laravel/framework/src/Illuminate/Container/BoundMethod.php(93): Illuminate\\Container\\Util::unwrapIfClosure(Object(Closure))
#22 /Users/nikitachaykin/Documents/Php/ebanyu_v_rot/vendor/laravel/framework/src/Illuminate/Container/BoundMethod.php(37): Illuminate\\Container\\BoundMethod::callBoundMethod(Object(Illuminate\\Foundation\\Application), Array, Object(Closure))
#23 /Users/nikitachaykin/Documents/Php/ebanyu_v_rot/vendor/laravel/framework/src/Illuminate/Container/Container.php(651): Illuminate\\Container\\BoundMethod::call(Object(Illuminate\\Foundation\\Application), Array, Array, NULL)
#24 /Users/nikitachaykin/Documents/Php/ebanyu_v_rot/vendor/laravel/framework/src/Illuminate/Console/Command.php(144): Illuminate\\Container\\Container->call(Array)
#25 /Users/nikitachaykin/Documents/Php/ebanyu_v_rot/vendor/symfony/console/Command/Command.php(291): Illuminate\\Console\\Command->execute(Object(Symfony\\Component\\Console\\Input\\ArgvInput), Object(Illuminate\\Console\\OutputStyle))
#26 /Users/nikitachaykin/Documents/Php/ebanyu_v_rot/vendor/laravel/framework/src/Illuminate/Console/Command.php(126): Symfony\\Component\\Console\\Command\\Command->run(Object(Symfony\\Component\\Console\\Input\\ArgvInput), Object(Illuminate\\Console\\OutputStyle))
#27 /Users/nikitachaykin/Documents/Php/ebanyu_v_rot/vendor/symfony/console/Application.php(1002): Illuminate\\Console\\Command->run(Object(Symfony\\Component\\Console\\Input\\ArgvInput), Object(Symfony\\Component\\Console\\Output\\ConsoleOutput))
#28 /Users/nikitachaykin/Documents/Php/ebanyu_v_rot/vendor/symfony/console/Application.php(299): Symfony\\Component\\Console\\Application->doRunCommand(Object(Illuminate\\Database\\Console\\Seeds\\SeedCommand), Object(Symfony\\Component\\Console\\Input\\ArgvInput), Object(Symfony\\Component\\Console\\Output\\ConsoleOutput))
#29 /Users/nikitachaykin/Documents/Php/ebanyu_v_rot/vendor/symfony/console/Application.php(171): Symfony\\Component\\Console\\Application->doRun(Object(Symfony\\Component\\Console\\Input\\ArgvInput), Object(Symfony\\Component\\Console\\Output\\ConsoleOutput))
#30 /Users/nikitachaykin/Documents/Php/ebanyu_v_rot/vendor/laravel/framework/src/Illuminate/Console/Application.php(102): Symfony\\Component\\Console\\Application->run(Object(Symfony\\Component\\Console\\Input\\ArgvInput), Object(Symfony\\Component\\Console\\Output\\ConsoleOutput))
#31 /Users/nikitachaykin/Documents/Php/ebanyu_v_rot/vendor/laravel/framework/src/Illuminate/Foundation/Console/Kernel.php(129): Illuminate\\Console\\Application->run(Object(Symfony\\Component\\Console\\Input\\ArgvInput), Object(Symfony\\Component\\Console\\Output\\ConsoleOutput))
#32 /Users/nikitachaykin/Documents/Php/ebanyu_v_rot/artisan(37): Illuminate\\Foundation\\Console\\Kernel->handle(Object(Symfony\\Component\\Console\\Input\\ArgvInput), Object(Symfony\\Component\\Console\\Output\\ConsoleOutput))
#33 {main}
"} 
[2022-09-09 09:54:57] local.ERROR: Call to undefined function Database\Seeders\factory() {"exception":"[object] (Error(code: 0): Call to undefined function Database\\Seeders\\factory() at /Users/nikitachaykin/Documents/Php/ebanyu_v_rot/database/seeders/UsersTableSeeder.php:17)
[stacktrace]
#0 /Users/nikitachaykin/Documents/Php/ebanyu_v_rot/vendor/laravel/framework/src/Illuminate/Container/BoundMethod.php(36): Database\\Seeders\\UsersTableSeeder->run()
#1 /Users/nikitachaykin/Documents/Php/ebanyu_v_rot/vendor/laravel/framework/src/Illuminate/Container/Util.php(41): Illuminate\\Container\\BoundMethod::Illuminate\\Container\\{closure}()
#2 /Users/nikitachaykin/Documents/Php/ebanyu_v_rot/vendor/laravel/framework/src/Illuminate/Container/BoundMethod.php(93): Illuminate\\Container\\Util::unwrapIfClosure(Object(Closure))
#3 /Users/nikitachaykin/Documents/Php/ebanyu_v_rot/vendor/laravel/framework/src/Illuminate/Container/BoundMethod.php(37): Illuminate\\Container\\BoundMethod::callBoundMethod(Object(Illuminate\\Foundation\\Application), Array, Object(Closure))
#4 /Users/nikitachaykin/Documents/Php/ebanyu_v_rot/vendor/laravel/framework/src/Illuminate/Container/Container.php(651): Illuminate\\Container\\BoundMethod::call(Object(Illuminate\\Foundation\\Application), Array, Array, NULL)
#5 /Users/nikitachaykin/Documents/Php/ebanyu_v_rot/vendor/laravel/framework/src/Illuminate/Database/Seeder.php(184): Illuminate\\Container\\Container->call(Array, Array)
#6 /Users/nikitachaykin/Documents/Php/ebanyu_v_rot/vendor/laravel/framework/src/Illuminate/Database/Seeder.php(193): Illuminate\\Database\\Seeder->Illuminate\\Database\\{closure}()
#7 /Users/nikitachaykin/Documents/Php/ebanyu_v_rot/vendor/laravel/framework/src/Illuminate/Database/Seeder.php(61): Illuminate\\Database\\Seeder->__invoke(Array)
#8 /Users/nikitachaykin/Documents/Php/ebanyu_v_rot/database/seeders/DatabaseSeeder.php(17): Illuminate\\Database\\Seeder->call('Database\\\\Seeder...')
#9 /Users/nikitachaykin/Documents/Php/ebanyu_v_rot/vendor/laravel/framework/src/Illuminate/Container/BoundMethod.php(36): Database\\Seeders\\DatabaseSeeder->run()
#10 /Users/nikitachaykin/Documents/Php/ebanyu_v_rot/vendor/laravel/framework/src/Illuminate/Container/Util.php(41): Illuminate\\Container\\BoundMethod::Illuminate\\Container\\{closure}()
#11 /Users/nikitachaykin/Documents/Php/ebanyu_v_rot/vendor/laravel/framework/src/Illuminate/Container/BoundMethod.php(93): Illuminate\\Container\\Util::unwrapIfClosure(Object(Closure))
#12 /Users/nikitachaykin/Documents/Php/ebanyu_v_rot/vendor/laravel/framework/src/Illuminate/Container/BoundMethod.php(37): Illuminate\\Container\\BoundMethod::callBoundMethod(Object(Illuminate\\Foundation\\Application), Array, Object(Closure))
#13 /Users/nikitachaykin/Documents/Php/ebanyu_v_rot/vendor/laravel/framework/src/Illuminate/Container/Container.php(651): Illuminate\\Container\\BoundMethod::call(Object(Illuminate\\Foundation\\Application), Array, Array, NULL)
#14 /Users/nikitachaykin/Documents/Php/ebanyu_v_rot/vendor/laravel/framework/src/Illuminate/Database/Seeder.php(184): Illuminate\\Container\\Container->call(Array, Array)
#15 /Users/nikitachaykin/Documents/Php/ebanyu_v_rot/vendor/laravel/framework/src/Illuminate/Database/Seeder.php(193): Illuminate\\Database\\Seeder->Illuminate\\Database\\{closure}()
#16 /Users/nikitachaykin/Documents/Php/ebanyu_v_rot/vendor/laravel/framework/src/Illuminate/Database/Console/Seeds/SeedCommand.php(81): Illuminate\\Database\\Seeder->__invoke()
#17 /Users/nikitachaykin/Documents/Php/ebanyu_v_rot/vendor/laravel/framework/src/Illuminate/Database/Eloquent/Concerns/GuardsAttributes.php(155): Illuminate\\Database\\Console\\Seeds\\SeedCommand->Illuminate\\Database\\Console\\Seeds\\{closure}()
#18 /Users/nikitachaykin/Documents/Php/ebanyu_v_rot/vendor/laravel/framework/src/Illuminate/Database/Console/Seeds/SeedCommand.php(82): Illuminate\\Database\\Eloquent\\Model::unguarded(Object(Closure))
#19 /Users/nikitachaykin/Documents/Php/ebanyu_v_rot/vendor/laravel/framework/src/Illuminate/Container/BoundMethod.php(36): Illuminate\\Database\\Console\\Seeds\\SeedCommand->handle()
#20 /Users/nikitachaykin/Documents/Php/ebanyu_v_rot/vendor/laravel/framework/src/Illuminate/Container/Util.php(41): Illuminate\\Container\\BoundMethod::Illuminate\\Container\\{closure}()
#21 /Users/nikitachaykin/Documents/Php/ebanyu_v_rot/vendor/laravel/framework/src/Illuminate/Container/BoundMethod.php(93): Illuminate\\Container\\Util::unwrapIfClosure(Object(Closure))
#22 /Users/nikitachaykin/Documents/Php/ebanyu_v_rot/vendor/laravel/framework/src/Illuminate/Container/BoundMethod.php(37): Illuminate\\Container\\BoundMethod::callBoundMethod(Object(Illuminate\\Foundation\\Application), Array, Object(Closure))
#23 /Users/nikitachaykin/Documents/Php/ebanyu_v_rot/vendor/laravel/framework/src/Illuminate/Container/Container.php(651): Illuminate\\Container\\BoundMethod::call(Object(Illuminate\\Foundation\\Application), Array, Array, NULL)
#24 /Users/nikitachaykin/Documents/Php/ebanyu_v_rot/vendor/laravel/framework/src/Illuminate/Console/Command.php(144): Illuminate\\Container\\Container->call(Array)
#25 /Users/nikitachaykin/Documents/Php/ebanyu_v_rot/vendor/symfony/console/Command/Command.php(291): Illuminate\\Console\\Command->execute(Object(Symfony\\Component\\Console\\Input\\ArgvInput), Object(Illuminate\\Console\\OutputStyle))
#26 /Users/nikitachaykin/Documents/Php/ebanyu_v_rot/vendor/laravel/framework/src/Illuminate/Console/Command.php(126): Symfony\\Component\\Console\\Command\\Command->run(Object(Symfony\\Component\\Console\\Input\\ArgvInput), Object(Illuminate\\Console\\OutputStyle))
#27 /Users/nikitachaykin/Documents/Php/ebanyu_v_rot/vendor/symfony/console/Application.php(1002): Illuminate\\Console\\Command->run(Object(Symfony\\Component\\Console\\Input\\ArgvInput), Object(Symfony\\Component\\Console\\Output\\ConsoleOutput))
#28 /Users/nikitachaykin/Documents/Php/ebanyu_v_rot/vendor/symfony/console/Application.php(299): Symfony\\Component\\Console\\Application->doRunCommand(Object(Illuminate\\Database\\Console\\Seeds\\SeedCommand), Object(Symfony\\Component\\Console\\Input\\ArgvInput), Object(Symfony\\Component\\Console\\Output\\ConsoleOutput))
#29 /Users/nikitachaykin/Documents/Php/ebanyu_v_rot/vendor/symfony/console/Application.php(171): Symfony\\Component\\Console\\Application->doRun(Object(Symfony\\Component\\Console\\Input\\ArgvInput), Object(Symfony\\Component\\Console\\Output\\ConsoleOutput))
#30 /Users/nikitachaykin/Documents/Php/ebanyu_v_rot/vendor/laravel/framework/src/Illuminate/Console/Application.php(102): Symfony\\Component\\Console\\Application->run(Object(Symfony\\Component\\Console\\Input\\ArgvInput), Object(Symfony\\Component\\Console\\Output\\ConsoleOutput))
#31 /Users/nikitachaykin/Documents/Php/ebanyu_v_rot/vendor/laravel/framework/src/Illuminate/Foundation/Console/Kernel.php(129): Illuminate\\Console\\Application->run(Object(Symfony\\Component\\Console\\Input\\ArgvInput), Object(Symfony\\Component\\Console\\Output\\ConsoleOutput))
#32 /Users/nikitachaykin/Documents/Php/ebanyu_v_rot/artisan(37): Illuminate\\Foundation\\Console\\Kernel->handle(Object(Symfony\\Component\\Console\\Input\\ArgvInput), Object(Symfony\\Component\\Console\\Output\\ConsoleOutput))
#33 {main}
"} 
